1 1730529747.424235 1730529747.441377 17142 1
2 1730529747.441518 1730529747.454791 13273 1
3 1730529747.454831 1730529747.467513 12682 1
4 1730529747.467560 1730529747.494528 26968 0
5 1730529747.494570 1730529747.500153 5583 1
6 1730529747.500194 1730529747.508708 8514 1
7 1730529747.508768 1730529747.518089 9321 1
8 1730529747.518366 1730529747.522045 3679 1
9 1730529747.522080 1730529747.525824 3744 1
10 1730529747.525856 1730529747.530600 4744 1
11 1730529747.530658 1730529747.533374 2716 1
12 1730529747.533431 1730529747.539512 6081 1
13 1730529747.539543 1730529747.551614 12071 1
14 1730529747.551669 1730529747.557163 5494 1
15 1730529747.557219 1730529747.560391 3172 1
16 1730529747.560418 1730529747.575849 15431 0
17 1730529747.575901 1730529747.587629 11728 0
18 1730529747.587659 1730529747.592007 4348 1
19 1730529747.592032 1730529747.596948 4916 1
20 1730529747.596981 1730529747.600647 3666 1
21 1730529747.600684 1730529747.613440 12756 1
22 1730529747.613474 1730529747.619691 6217 1
23 1730529747.619724 1730529747.624482 4758 1
24 1730529747.624532 1730529747.632181 7649 1
25 1730529747.632211 1730529747.637565 5354 1
26 1730529747.637602 1730529747.645252 7650 1
27 1730529747.645302 1730529747.650807 5505 1
28 1730529747.650867 1730529747.657681 6814 1
29 1730529747.657706 1730529747.664694 6988 0
30 1730529747.664761 1730529747.673132 8371 1
31 1730529747.673186 1730529747.676326 3140 1
32 1730529747.676355 1730529747.680020 3665 1
33 1730529747.680069 1730529747.684772 4703 1
34 1730529747.684824 1730529747.688938 4114 1
35 1730529747.688973 1730529747.693179 4206 1
36 1730529747.693227 1730529747.710349 17122 1
37 1730529747.710388 1730529747.720089 9701 1
38 1730529747.720121 1730529747.725813 5692 1
39 1730529747.725847 1730529747.729394 3547 1
40 1730529747.729425 1730529747.733226 3801 1
41 1730529747.733251 1730529747.738118 4867 1
42 1730529747.738146 1730529747.740993 2847 1
43 1730529747.741015 1730529747.746251 5236 1
44 1730529747.746298 1730529747.751757 5459 0
45 1730529747.751786 1730529747.756141 4355 0
46 1730529747.756179 1730529747.758489 2310 1
47 1730529747.758514 1730529747.763462 4948 1
48 1730529747.763491 1730529747.769936 6445 0
49 1730529747.769962 1730529747.773134 3172 1
50 1730529747.773160 1730529747.776246 3086 1
51 1730529747.776271 1730529747.780221 3950 1
52 1730529747.780248 1730529747.785461 5213 0
53 1730529747.785504 1730529747.791624 6120 1
54 1730529747.791677 1730529747.798359 6682 1
55 1730529747.798382 1730529747.805195 6813 1
56 1730529747.805235 1730529747.809827 4592 1
57 1730529747.809862 1730529747.816860 6998 1
58 1730529747.816910 1730529747.823438 6528 0
59 1730529747.823474 1730529747.843986 20512 1
60 1730529747.844070 1730529747.856099 12029 1
61 1730529747.856152 1730529747.866730 10578 1
62 1730529747.866766 1730529747.875457 8691 1
63 1730529747.875498 1730529747.881522 6024 1
64 1730529747.881550 1730529747.885483 3933 1
65 1730529747.885513 1730529747.889380 3867 1
66 1730529747.889411 1730529747.896056 6645 1
67 1730529747.896087 1730529747.901356 5269 0
68 1730529747.901384 1730529747.905445 4061 1
69 1730529747.905488 1730529747.909875 4387 1
70 1730529747.909906 1730529747.913823 3917 1
71 1730529747.913865 1730529747.918123 4258 0
72 1730529747.918158 1730529747.922778 4620 1
73 1730529747.922803 1730529747.928057 5254 0
74 1730529747.928086 1730529747.930731 2645 1
75 1730529747.930751 1730529747.934870 4119 1
76 1730529747.934900 1730529747.942069 7169 1
77 1730529747.942101 1730529747.955558 13457 1
78 1730529747.955591 1730529747.970668 15077 1
79 1730529747.970710 1730529747.982809 12099 0
80 1730529747.982847 1730529747.991779 8932 1
81 1730529747.991843 1730529747.998826 6983 1
82 1730529747.998856 1730529748.002325 3469 1
83 1730529748.002365 1730529748.007176 4811 1
84 1730529748.007344 1730529748.014226 6882 1
85 1730529748.014259 1730529748.021942 7683 1
86 1730529748.021975 1730529748.034867 12892 0
87 1730529748.034893 1730529748.039873 4980 0
88 1730529748.039913 1730529748.043605 3692 1
89 1730529748.043632 1730529748.049221 5589 1
90 1730529748.049250 1730529748.053165 3915 1
91 1730529748.053206 1730529748.056182 2976 1
92 1730529748.056215 1730529748.059847 3632 0
93 1730529748.059873 1730529748.064156 4283 1
94 1730529748.064188 1730529748.068250 4062 1
95 1730529748.068278 1730529748.072973 4695 1
96 1730529748.072995 1730529748.079521 6526 0
97 1730529748.079682 1730529748.084548 4866 1
98 1730529748.084577 1730529748.087504 2927 1
99 1730529748.087534 1730529748.091666 4132 0
100 1730529748.091711 1730529748.098912 7201 0
101 1730529748.098963 1730529748.108242 9279 1
102 1730529748.108298 1730529748.112431 4133 1
103 1730529748.112472 1730529748.125780 13308 0
104 1730529748.125809 1730529748.144426 18617 1
105 1730529748.144467 1730529748.152707 8240 1
106 1730529748.152733 1730529748.158419 5686 0
107 1730529748.158452 1730529748.165954 7502 1
108 1730529748.165989 1730529748.172079 6090 0
109 1730529748.172130 1730529748.182019 9889 1
110 1730529748.182071 1730529748.189863 7792 1
111 1730529748.189920 1730529748.197307 7387 1
112 1730529748.197350 1730529748.204357 7007 1
113 1730529748.204390 1730529748.213890 9500 0
114 1730529748.213936 1730529748.281780 67844 0
115 1730529748.281823 1730529748.287678 5855 1
116 1730529748.287705 1730529748.292979 5274 1
117 1730529748.293019 1730529748.299253 6234 0
118 1730529748.299295 1730529748.303164 3869 1
119 1730529748.303200 1730529748.308499 5299 1
120 1730529748.308530 1730529748.314558 6028 1
121 1730529748.314585 1730529748.317092 2507 1
122 1730529748.317117 1730529748.322737 5620 0
123 1730529748.322785 1730529748.336642 13857 0
124 1730529748.336694 1730529748.358332 21638 1
125 1730529748.358439 1730529748.370241 11802 0
126 1730529748.370275 1730529748.380905 10630 0
127 1730529748.380944 1730529748.537001 156057 1
# Commit_Ratio: 0.771654
# Overall_Latency: 8177.561224
# Begin: 127, 0.905512
# Get: 131, 3017.099237
# Put: 123, 1741.658537
# Commit: 127, 3916.251969
