1 1730529747.451884 1730529747.503359 51475 1
2 1730529747.503948 1730529747.521119 17171 0
3 1730529747.521177 1730529747.530800 9623 0
4 1730529747.530831 1730529747.536450 5619 0
5 1730529747.536474 1730529747.541901 5427 1
6 1730529747.541932 1730529747.547479 5547 1
7 1730529747.547510 1730529747.552462 4952 1
8 1730529747.552488 1730529747.557323 4835 1
9 1730529747.557344 1730529747.566058 8714 1
10 1730529747.566109 1730529747.581845 15736 1
11 1730529747.581892 1730529747.591811 9919 0
12 1730529747.591843 1730529747.598866 7023 1
13 1730529747.598899 1730529747.611095 12196 0
14 1730529747.611128 1730529747.618428 7300 1
15 1730529747.618456 1730529747.623491 5035 1
16 1730529747.623540 1730529747.631447 7907 1
17 1730529747.631497 1730529747.636361 4864 1
18 1730529747.636403 1730529747.641355 4952 1
19 1730529747.641392 1730529747.648606 7214 1
20 1730529747.648633 1730529747.654151 5518 0
21 1730529747.654176 1730529747.658915 4739 1
22 1730529747.658951 1730529747.663140 4189 0
23 1730529747.663168 1730529747.669823 6655 0
24 1730529747.669856 1730529747.675967 6111 1
25 1730529747.675999 1730529747.682270 6271 1
26 1730529747.682303 1730529747.687959 5656 0
27 1730529747.687995 1730529747.697261 9266 1
28 1730529747.697291 1730529747.709353 12062 1
29 1730529747.709389 1730529747.718587 9198 1
30 1730529747.718639 1730529747.727079 8440 1
31 1730529747.727106 1730529747.733030 5924 1
32 1730529747.733060 1730529747.737270 4210 1
33 1730529747.737307 1730529747.740899 3592 1
34 1730529747.740929 1730529747.747164 6235 1
35 1730529747.747191 1730529747.750745 3554 1
36 1730529747.750774 1730529747.753381 2607 1
37 1730529747.753417 1730529747.756238 2821 1
38 1730529747.756263 1730529747.760446 4183 1
39 1730529747.760470 1730529747.767178 6708 0
40 1730529747.767204 1730529747.771758 4554 1
41 1730529747.771786 1730529747.776478 4692 0
42 1730529747.776498 1730529747.780499 4001 1
43 1730529747.780532 1730529747.785198 4666 1
44 1730529747.785268 1730529747.789095 3827 1
45 1730529747.789117 1730529747.795950 6833 1
46 1730529747.795992 1730529747.799889 3897 1
47 1730529747.799943 1730529747.803535 3592 1
48 1730529747.803579 1730529747.806981 3402 1
49 1730529747.807010 1730529747.814264 7254 1
50 1730529747.814319 1730529747.823545 9226 1
51 1730529747.823577 1730529747.846920 23343 0
52 1730529747.846998 1730529747.869389 22391 0
53 1730529747.869438 1730529747.878495 9057 0
54 1730529747.878538 1730529747.883175 4637 1
55 1730529747.883208 1730529747.886750 3542 1
56 1730529747.886773 1730529747.890918 4145 1
57 1730529747.890945 1730529747.896996 6051 1
58 1730529747.897035 1730529747.901850 4815 0
59 1730529747.901877 1730529747.915171 13294 1
60 1730529747.915197 1730529747.920639 5442 0
61 1730529747.920662 1730529747.924769 4107 1
62 1730529747.924805 1730529747.931070 6265 1
63 1730529747.931093 1730529747.935705 4612 1
64 1730529747.935731 1730529747.940256 4525 0
65 1730529747.940279 1730529747.951468 11189 1
66 1730529747.951494 1730529747.958500 7006 1
67 1730529747.958544 1730529747.973686 15142 1
68 1730529747.973735 1730529747.984263 10528 0
69 1730529747.984296 1730529747.991346 7050 1
70 1730529747.991376 1730529747.997397 6021 1
71 1730529747.997426 1730529748.001433 4007 1
72 1730529748.001493 1730529748.008844 7351 0
73 1730529748.008881 1730529748.017300 8419 0
74 1730529748.017331 1730529748.030792 13461 1
75 1730529748.030844 1730529748.036310 5466 1
76 1730529748.036373 1730529748.040790 4417 1
77 1730529748.040855 1730529748.044133 3278 1
78 1730529748.044163 1730529748.049162 4999 1
79 1730529748.049194 1730529748.053844 4650 1
80 1730529748.053878 1730529748.057781 3903 1
81 1730529748.057819 1730529748.063430 5611 1
82 1730529748.063457 1730529748.067700 4243 1
83 1730529748.067736 1730529748.071319 3583 0
84 1730529748.071351 1730529748.074875 3524 1
85 1730529748.074903 1730529748.077741 2838 1
86 1730529748.077786 1730529748.084025 6239 1
87 1730529748.084064 1730529748.088312 4248 1
88 1730529748.088332 1730529748.091399 3067 1
89 1730529748.091427 1730529748.100109 8682 1
90 1730529748.100142 1730529748.107789 7647 1
91 1730529748.107835 1730529748.116702 8867 0
92 1730529748.116743 1730529748.122292 5549 1
93 1730529748.122329 1730529748.143439 21110 1
94 1730529748.143480 1730529748.152132 8652 1
95 1730529748.152178 1730529748.156828 4650 1
96 1730529748.156867 1730529748.168049 11182 1
97 1730529748.168096 1730529748.178979 10883 1
98 1730529748.179064 1730529748.189372 10308 0
99 1730529748.189399 1730529748.200660 11261 0
100 1730529748.200692 1730529748.207268 6576 0
101 1730529748.207313 1730529748.251700 44387 0
102 1730529748.251758 1730529748.270096 18338 1
103 1730529748.270150 1730529748.283545 13395 1
104 1730529748.283597 1730529748.287191 3594 1
105 1730529748.287233 1730529748.291268 4035 0
106 1730529748.291305 1730529748.294162 2857 1
107 1730529748.294216 1730529748.301289 7073 0
108 1730529748.301379 1730529748.305617 4238 1
109 1730529748.305657 1730529748.310611 4954 1
110 1730529748.310643 1730529748.317705 7062 1
111 1730529748.317743 1730529748.324144 6401 0
112 1730529748.324185 1730529748.336915 12730 1
113 1730529748.336948 1730529748.354966 18018 1
114 1730529748.354999 1730529748.365048 10049 1
115 1730529748.365081 1730529748.372987 7906 1
116 1730529748.373044 1730529748.377247 4203 1
117 1730529748.377283 1730529748.469789 92506 1
# Commit_Ratio: 0.752137
# Overall_Latency: 8257.534091
# Begin: 117, 1.000000
# Get: 112, 2957.598214
# Put: 122, 1294.311475
# Commit: 117, 4473.222222
