1 1729679694.692446 1729679694.805730 113284 1
2 1729679694.805799 1729679694.850243 44444 1
3 1729679694.850271 1729679694.908733 58462 1
4 1729679694.908764 1729679694.949079 40315 1
5 1729679694.949115 1729679694.986937 37822 1
6 1729679694.986967 1729679695.013802 26835 1
7 1729679695.013840 1729679695.036961 23121 1
8 1729679695.036988 1729679695.062423 25435 1
9 1729679695.062458 1729679695.083771 21313 1
10 1729679695.083813 1729679695.102282 18469 1
11 1729679695.102314 1729679695.122019 19705 1
12 1729679695.122056 1729679695.140136 18080 1
13 1729679695.140172 1729679695.192582 52410 1
14 1729679695.192645 1729679695.232697 40052 1
15 1729679695.232727 1729679695.258145 25418 1
16 1729679695.258173 1729679695.304032 45859 1
17 1729679695.304067 1729679695.323779 19712 1
18 1729679695.323806 1729679695.346610 22804 1
19 1729679695.346639 1729679695.373498 26859 1
20 1729679695.373548 1729679695.400798 27250 1
21 1729679695.400853 1729679695.431164 30311 1
22 1729679695.431193 1729679695.458250 27057 1
23 1729679695.458275 1729679695.481749 23474 1
24 1729679695.481775 1729679695.517263 35488 1
25 1729679695.517304 1729679695.574321 57017 1
26 1729679695.574361 1729679695.602760 28399 1
27 1729679695.602793 1729679695.630379 27586 1
28 1729679695.630407 1729679695.648666 18259 1
29 1729679695.648702 1729679695.790058 141356 1
30 1729679695.790090 1729679695.843945 53855 1
31 1729679695.843984 1729679695.918378 74394 1
32 1729679695.918434 1729679695.968496 50062 1
33 1729679695.968530 1729679695.991985 23455 1
34 1729679695.992014 1729679696.009945 17931 1
35 1729679696.009970 1729679696.046007 36037 1
36 1729679696.046050 1729679696.087322 41272 1
37 1729679696.087378 1729679696.111566 24188 1
38 1729679696.111598 1729679696.136163 24565 1
39 1729679696.136194 1729679696.158154 21960 1
40 1729679696.158192 1729679696.180313 22121 1
41 1729679696.180341 1729679696.200785 20444 1
42 1729679696.200816 1729679696.220414 19598 1
43 1729679696.220448 1729679696.242081 21633 1
44 1729679696.242106 1729679696.264362 22256 1
45 1729679696.264390 1729679696.286004 21614 1
46 1729679696.286043 1729679696.310739 24696 1
47 1729679696.310771 1729679696.339667 28896 1
48 1729679696.344505 1729679696.380290 35785 1
49 1729679696.380323 1729679696.406166 25843 1
50 1729679696.406193 1729679696.431097 24904 1
51 1729679696.431126 1729679696.460028 28902 1
52 1729679696.460072 1729679696.487660 27588 1
53 1729679696.487686 1729679696.508005 20319 1
54 1729679696.508031 1729679696.530739 22708 1
55 1729679696.530778 1729679696.558895 28117 1
56 1729679696.558927 1729679696.579313 20386 1
57 1729679696.579345 1729679696.597205 17860 1
58 1729679696.597236 1729679696.620439 23203 1
59 1729679696.620474 1729679696.641098 20624 1
60 1729679696.641150 1729679696.660819 19669 1
61 1729679696.660853 1729679696.680104 19251 1
62 1729679696.680139 1729679696.701735 21596 1
63 1729679696.701764 1729679696.722522 20758 1
64 1729679696.722546 1729679696.748988 26442 1
65 1729679696.749025 1729679696.779661 30636 1
66 1729679696.779687 1729679696.802175 22488 1
67 1729679696.802199 1729679696.834032 31833 1
68 1729679696.842636 1729679696.915808 73172 1
69 1729679696.915854 1729679696.973662 57808 1
70 1729679696.973708 1729679696.996932 23224 0
71 1729679696.996961 1729679697.018269 21308 1
72 1729679697.018296 1729679697.041374 23078 1
73 1729679697.041401 1729679697.059361 17960 1
74 1729679697.059391 1729679697.076364 16973 1
75 1729679697.076395 1729679697.093045 16650 1
76 1729679697.093081 1729679697.113929 20848 1
77 1729679697.113956 1729679697.140333 26377 1
78 1729679697.140369 1729679697.174110 33741 1
79 1729679697.174163 1729679697.208962 34799 1
80 1729679697.208993 1729679697.236703 27710 1
81 1729679697.236738 1729679697.281856 45118 1
82 1729679697.281884 1729679697.326628 44744 1
83 1729679697.326680 1729679697.420174 93494 1
84 1729679697.420210 1729679697.460851 40641 1
85 1729679697.460910 1729679697.492929 32019 1
86 1729679697.492962 1729679697.518411 25449 1
87 1729679697.518448 1729679697.545334 26886 1
88 1729679697.545364 1729679697.573616 28252 1
89 1729679697.573656 1729679697.591314 17658 1
90 1729679697.591340 1729679697.614508 23168 1
91 1729679697.614592 1729679697.642771 28179 1
92 1729679697.642795 1729679697.661037 18242 1
93 1729679697.661089 1729679697.685982 24893 1
94 1729679697.686002 1729679697.704628 18626 1
95 1729679697.704654 1729679697.723265 18611 1
96 1729679697.723298 1729679697.746498 23200 1
97 1729679697.746532 1729679697.772209 25677 1
98 1729679697.772232 1729679697.795223 22991 1
99 1729679697.795250 1729679697.818338 23088 1
100 1729679697.818389 1729679697.872123 53734 1
101 1729679697.872159 1729679697.939823 67664 1
102 1729679697.939860 1729679698.004977 65117 1
103 1729679698.005004 1729679698.035610 30606 1
104 1729679698.035639 1729679698.052879 17240 1
105 1729679698.052913 1729679698.068665 15752 1
106 1729679698.068695 1729679698.084984 16289 1
107 1729679698.085019 1729679698.105965 20946 1
108 1729679698.105991 1729679698.122804 16813 1
109 1729679698.122842 1729679698.136748 13906 1
110 1729679698.136786 1729679698.156461 19675 1
111 1729679698.156497 1729679698.175834 19337 1
112 1729679698.175860 1729679698.198547 22687 1
113 1729679698.198583 1729679698.229475 30892 1
114 1729679698.229511 1729679698.242844 13333 1
115 1729679698.242871 1729679698.265994 23123 1
116 1729679698.266034 1729679698.292504 26470 1
117 1729679698.292543 1729679698.349290 56747 1
118 1729679698.349347 1729679698.415710 66363 1
119 1729679698.415750 1729679698.465072 49322 1
120 1729679698.465101 1729679698.499547 34446 1
121 1729679698.499583 1729679698.531686 32103 1
122 1729679698.531726 1729679698.553147 21421 1
123 1729679698.553190 1729679698.573087 19897 1
124 1729679698.573111 1729679698.592490 19379 1
125 1729679698.592523 1729679698.613821 21298 1
126 1729679698.613854 1729679698.631043 17189 1
127 1729679698.631075 1729679698.653625 22550 1
128 1729679698.653665 1729679698.691170 37505 1
129 1729679698.691198 1729679698.724188 32990 1
130 1729679698.724340 1729679698.750750 26410 1
131 1729679698.750778 1729679698.770328 19550 1
132 1729679698.770368 1729679698.797667 27299 1
133 1729679698.797701 1729679698.815661 17960 1
134 1729679698.815705 1729679698.864374 48669 1
135 1729679698.864429 1729679698.950019 85590 1
136 1729679698.950044 1729679698.992805 42761 1
137 1729679698.992846 1729679699.009166 16320 1
138 1729679699.009201 1729679699.046873 37672 1
139 1729679699.046904 1729679699.084538 37634 1
140 1729679699.084564 1729679699.099832 15268 1
141 1729679699.099865 1729679699.118282 18417 1
142 1729679699.118313 1729679699.141124 22811 1
143 1729679699.141178 1729679699.165043 23865 1
144 1729679699.165105 1729679699.185869 20764 1
145 1729679699.185906 1729679699.214740 28834 1
146 1729679699.214778 1729679699.239170 24392 1
147 1729679699.239207 1729679699.259609 20402 1
148 1729679699.259637 1729679699.279774 20137 1
149 1729679699.279803 1729679699.293269 13466 1
150 1729679699.293296 1729679699.330518 37222 1
151 1729679699.330545 1729679699.386760 56215 1
152 1729679699.386812 1729679699.426910 40098 1
153 1729679699.426936 1729679699.461442 34506 1
154 1729679699.461477 1729679699.482389 20912 1
155 1729679699.482425 1729679699.505659 23234 1
156 1729679699.505688 1729679699.531180 25492 1
157 1729679699.531212 1729679699.558091 26879 1
158 1729679699.558122 1729679699.584065 25943 1
159 1729679699.584104 1729679699.607538 23434 1
160 1729679699.607567 1729679699.623941 16374 0
161 1729679699.623968 1729679699.646272 22304 1
162 1729679699.646297 1729679699.669171 22874 1
163 1729679699.669196 1729679699.682889 13693 1
164 1729679699.682920 1729679699.701989 19069 1
165 1729679699.702017 1729679699.729563 27546 1
166 1729679699.729609 1729679699.755745 26136 1
167 1729679699.755775 1729679699.777484 21709 1
168 1729679699.777515 1729679699.793133 15618 1
169 1729679699.793157 1729679699.816250 23093 1
170 1729679699.816294 1729679699.886838 70544 1
171 1729679699.886879 1729679699.925991 39112 1
172 1729679699.926040 1729679699.962714 36674 1
173 1729679699.962760 1729679699.990142 27382 1
174 1729679699.990177 1729679700.011692 21515 1
175 1729679700.011740 1729679700.040985 29245 1
176 1729679700.041032 1729679700.061695 20663 1
177 1729679700.061725 1729679700.080909 19184 1
178 1729679700.080947 1729679700.117203 36256 1
179 1729679700.117239 1729679700.149885 32646 0
180 1729679700.149915 1729679700.180688 30773 1
181 1729679700.180715 1729679700.201131 20416 1
182 1729679700.201156 1729679700.220958 19802 1
183 1729679700.221003 1729679700.242996 21993 1
184 1729679700.243026 1729679700.272744 29718 1
185 1729679700.272767 1729679700.297623 24856 1
186 1729679700.297654 1729679700.320951 23297 1
187 1729679700.320993 1729679700.380466 59473 1
188 1729679700.380500 1729679700.427655 47155 1
189 1729679700.427676 1729679700.460921 33245 1
190 1729679700.460949 1729679700.479763 18814 1
191 1729679700.479790 1729679700.502022 22232 1
192 1729679700.502046 1729679700.526356 24310 1
193 1729679700.526379 1729679700.545265 18886 1
194 1729679700.545296 1729679700.564572 19276 1
195 1729679700.564617 1729679700.587256 22639 1
196 1729679700.587288 1729679700.611594 24306 1
197 1729679700.611637 1729679700.633700 22063 1
198 1729679700.633738 1729679700.656855 23117 1
199 1729679700.656889 1729679700.680391 23502 0
200 1729679700.680420 1729679700.715479 35059 1
201 1729679700.715504 1729679700.738146 22642 1
202 1729679700.738181 1729679700.760354 22173 1
203 1729679700.760393 1729679700.779995 19602 1
204 1729679700.780028 1729679700.806543 26515 1
205 1729679700.806582 1729679700.825776 19194 1
206 1729679700.825837 1729679700.905071 79234 0
207 1729679700.905173 1729679700.955579 50406 1
208 1729679700.955617 1729679701.072918 117301 1
209 1729679701.072968 1729679701.102108 29140 1
210 1729679701.102137 1729679701.148767 46630 1
211 1729679701.148807 1729679701.186708 37901 1
212 1729679701.186737 1729679701.217609 30872 1
213 1729679701.217634 1729679701.245283 27649 1
214 1729679701.245314 1729679701.791758 546444 1
215 1729679701.791796 1729679701.805510 13714 1
216 1729679701.805548 1729679701.820622 15074 1
217 1729679701.820650 1729679701.861627 40977 1
218 1729679701.861654 1729679701.890209 28555 1
219 1729679701.890257 1729679701.913039 22782 1
220 1729679701.913070 1729679701.936307 23237 1
221 1729679701.936359 1729679701.950324 13965 1
222 1729679701.950403 1729679701.966927 16524 1
223 1729679701.966973 1729679701.977682 10709 1
224 1729679701.977711 1729679701.988080 10369 1
225 1729679701.988108 1729679702.002951 14843 1
226 1729679702.002979 1729679702.018005 15026 1
227 1729679702.018046 1729679702.032659 14613 1
228 1729679702.032686 1729679702.046339 13653 1
229 1729679702.046377 1729679702.062890 16513 1
230 1729679702.062912 1729679702.078715 15803 1
231 1729679702.078753 1729679702.091405 12652 1
232 1729679702.091429 1729679702.109123 17694 1
233 1729679702.109164 1729679702.130407 21243 1
234 1729679702.130442 1729679702.147114 16672 0
235 1729679702.147138 1729679702.165511 18373 1
236 1729679702.165538 1729679702.181666 16128 1
237 1729679702.181696 1729679702.203713 22017 1
238 1729679702.203746 1729679702.235148 31402 1
239 1729679702.235172 1729679702.250617 15445 1
240 1729679702.250653 1729679702.268161 17508 1
241 1729679702.268183 1729679702.284561 16378 1
242 1729679702.284592 1729679702.301175 16583 1
243 1729679702.301212 1729679702.318545 17333 1
244 1729679702.318596 1729679702.408487 89891 1
245 1729679702.408550 1729679702.450757 42207 1
246 1729679702.450815 1729679702.484351 33536 1
247 1729679702.484391 1729679702.591582 107191 1
248 1729679702.591607 1729679702.609547 17940 1
249 1729679702.609576 1729679702.631476 21900 1
250 1729679702.631502 1729679702.660222 28720 1
251 1729679702.666723 1729679702.709363 42640 1
252 1729679702.709394 1729679702.746716 37322 1
253 1729679702.746746 1729679702.768762 22016 1
254 1729679702.768789 1729679702.780873 12084 1
255 1729679702.780901 1729679702.796559 15658 1
256 1729679702.796585 1729679702.810304 13719 1
257 1729679702.810334 1729679702.828285 17951 1
258 1729679702.828322 1729679702.845997 17675 1
259 1729679702.846027 1729679702.864016 17989 1
260 1729679702.864067 1729679702.887441 23374 1
261 1729679702.887470 1729679702.910885 23415 1
262 1729679702.910927 1729679702.951928 41001 1
263 1729679702.951956 1729679702.967605 15649 1
264 1729679702.967635 1729679702.978317 10682 1
265 1729679702.978358 1729679702.993339 14981 1
266 1729679702.993369 1729679703.005612 12243 1
267 1729679703.005648 1729679703.024258 18610 1
268 1729679703.024308 1729679703.043173 18865 1
269 1729679703.043216 1729679703.051950 8734 1
270 1729679703.051972 1729679703.059979 8007 1
271 1729679703.060010 1729679703.069889 9879 1
272 1729679703.069930 1729679703.079560 9630 1
273 1729679703.079587 1729679703.092292 12705 1
274 1729679703.092329 1729679703.101627 9298 1
275 1729679703.101660 1729679703.111466 9806 1
276 1729679703.111526 1729679703.123079 11553 1
277 1729679703.123105 1729679703.139639 16534 1
278 1729679703.139673 1729679703.179614 39941 1
279 1729679703.179701 1729679703.214236 34535 1
280 1729679703.214291 1729679703.229314 15023 1
281 1729679703.229342 1729679703.262762 33420 1
282 1729679703.262789 1729679703.280781 17992 1
283 1729679703.280815 1729679703.291178 10363 1
284 1729679703.291213 1729679703.299925 8712 1
285 1729679703.299970 1729679703.308868 8898 1
286 1729679703.308894 1729679703.315763 6869 1
287 1729679703.315789 1729679703.325168 9379 1
288 1729679703.325196 1729679703.338016 12820 1
289 1729679703.338048 1729679703.347860 9812 1
290 1729679703.347885 1729679703.355676 7791 1
291 1729679703.355702 1729679703.364286 8584 1
292 1729679703.364316 1729679703.373892 9576 1
293 1729679703.373918 1729679703.393319 19401 1
294 1729679703.393366 1729679703.414373 21007 1
295 1729679703.414408 1729679703.426911 12503 1
296 1729679703.426943 1729679703.437128 10185 1
297 1729679703.437168 1729679703.448179 11011 1
298 1729679703.448207 1729679703.461245 13038 1
299 1729679703.461271 1729679703.480283 19012 1
300 1729679703.480324 1729679703.494498 14174 1
301 1729679703.494533 1729679703.516045 21512 1
302 1729679703.516078 1729679703.542968 26890 1
303 1729679703.542994 1729679703.555676 12682 1
304 1729679703.555702 1729679703.570006 14304 1
305 1729679703.570039 1729679703.580030 9991 1
306 1729679703.580063 1729679703.590504 10441 1
307 1729679703.590533 1729679703.604109 13576 1
308 1729679703.604145 1729679703.615249 11104 1
309 1729679703.615275 1729679703.627495 12220 1
310 1729679703.627544 1729679703.677536 49992 1
311 1729679703.677586 1729679703.709303 31717 1
312 1729679703.709364 1729679703.733273 23909 1
313 1729679703.733315 1729679703.744520 11205 1
314 1729679703.744554 1729679703.823226 78672 1
315 1729679703.823268 1729679703.850824 27556 1
316 1729679703.850855 1729679703.860555 9700 1
317 1729679703.860584 1729679703.870440 9856 1
318 1729679703.870469 1729679703.879040 8571 1
319 1729679703.879077 1729679703.889501 10424 1
320 1729679703.889528 1729679703.898121 8593 1
321 1729679703.898150 1729679703.909884 11734 1
322 1729679703.919597 1729679703.949395 29798 1
323 1729679703.949441 1729679703.976872 27431 1
324 1729679703.976913 1729679703.999504 22591 1
325 1729679703.999549 1729679704.017159 17610 1
326 1729679704.017207 1729679704.034528 17321 1
327 1729679704.034556 1729679704.043443 8887 1
328 1729679704.043465 1729679704.054313 10848 1
329 1729679704.054343 1729679704.063249 8906 1
330 1729679704.063277 1729679704.072447 9170 1
331 1729679704.072570 1729679704.082767 10197 1
332 1729679704.082802 1729679704.093113 10311 1
333 1729679704.093143 1729679704.102261 9118 1
334 1729679704.102294 1729679704.113453 11159 1
335 1729679704.113491 1729679704.124872 11381 1
336 1729679704.124894 1729679704.131548 6654 1
337 1729679704.131580 1729679704.142405 10825 1
338 1729679704.142431 1729679704.153068 10637 1
339 1729679704.153119 1729679704.165726 12607 1
340 1729679704.165750 1729679704.175441 9691 1
341 1729679704.175468 1729679704.185954 10486 1
342 1729679704.186003 1729679704.197801 11798 1
343 1729679704.197840 1729679704.208276 10436 1
344 1729679704.208309 1729679704.219586 11277 1
345 1729679704.219617 1729679704.229698 10081 1
346 1729679704.229724 1729679704.242785 13061 1
347 1729679704.242821 1729679704.254785 11964 1
348 1729679704.254821 1729679704.266340 11519 1
349 1729679704.266369 1729679704.276591 10222 1
350 1729679704.276641 1729679704.292861 16220 1
351 1729679704.292900 1729679704.318895 25995 1
352 1729679704.318930 1729679704.331313 12383 1
353 1729679704.331344 1729679704.339878 8534 1
354 1729679704.339913 1729679704.350488 10575 1
355 1729679704.350516 1729679704.362529 12013 1
356 1729679704.362561 1729679704.373779 11218 1
357 1729679704.373809 1729679704.388267 14458 1
358 1729679704.388302 1729679704.408517 20215 1
359 1729679704.408557 1729679704.464532 55975 1
360 1729679704.464626 1729679704.485988 21362 1
361 1729679704.486031 1729679704.507643 21612 1
362 1729679704.507672 1729679704.524903 17231 1
363 1729679704.524945 1729679704.541428 16483 1
364 1729679704.541456 1729679704.551474 10018 1
365 1729679704.551500 1729679704.563715 12215 1
366 1729679704.563758 1729679704.577013 13255 1
367 1729679704.577042 1729679704.586437 9395 1
368 1729679704.586469 1729679704.594984 8515 1
369 1729679704.595016 1729679704.603915 8899 1
370 1729679704.603942 1729679704.614552 10610 1
371 1729679704.614595 1729679704.624830 10235 1
372 1729679704.624863 1729679704.634964 10101 1
373 1729679704.634992 1729679704.643299 8307 1
374 1729679704.643326 1729679704.654850 11524 1
375 1729679704.654889 1729679704.664271 9382 1
376 1729679704.664318 1729679704.675475 11157 1
377 1729679704.675499 1729679704.684603 9104 1
378 1729679704.684641 1729679704.694830 10189 1
# Commit_Ratio: 0.984127
# Overall_Latency: 26257.231183
# Begin: 378, 1.034392
# Get: 1694, 4056.680638
# Put: 196, 1523.872449
# Commit: 378, 7367.174603
697.068114 6171 1
388 1729679697.068143 1729679697.072781 4638 1
389 1729679697.072806 1729679697.076901 4095 1
390 1729679697.076931 1729679697.084023 7092 1
391 1729679697.084052 1729679697.090301 6249 1
392 1729679697.090329 1729679697.097747 7418 1
393 1729679697.097777 1729679697.102672 4895 1
394 1729679697.102702 1729679697.108735 6033 1
395 1729679697.108758 1729679697.114428 5670 1
396 1729679697.114453 1729679697.119403 4950 1
397 1729679697.119438 1729679697.129476 10038 1
398 1729679697.129503 1729679697.141053 11550 1
399 1729679697.141082 1729679697.154518 13436 1
400 1729679697.154546 1729679697.163897 9351 1
401 1729679697.163926 1729679697.171088 7162 1
402 1729679697.171127 1729679697.179113 7986 1
403 1729679697.179150 1729679697.183245 4095 1
404 1729679697.183271 1729679697.196359 13088 1
405 1729679697.196399 1729679697.209962 13563 1
406 1729679697.209992 1729679697.216425 6433 1
407 1729679697.216466 1729679697.228929 12463 1
408 1729679697.228979 1729679697.242302 13323 1
409 1729679697.242337 1729679697.250198 7861 1
410 1729679697.250243 1729679697.265392 15149 1
411 1729679697.265433 1729679697.272895 7462 1
412 1729679697.272934 1729679697.284615 11681 1
413 1729679697.284646 1729679697.290983 6337 1
414 1729679697.291024 1729679697.304990 13966 1
415 1729679697.305021 1729679697.311894 6873 1
416 1729679697.311922 1729679697.328391 16469 1
417 1729679697.328440 1729679697.336573 8133 1
418 1729679697.336607 1729679697.362774 26167 1
419 1729679697.377073 1729679697.381663 4590 1
420 1729679697.381710 1729679697.400178 18468 1
421 1729679697.400227 1729679697.416792 16565 1
422 1729679697.416830 1729679697.431238 14408 1
423 1729679697.431283 1729679697.440067 8784 1
424 1729679697.440093 1729679697.446624 6531 1
425 1729679697.446658 1729679697.459497 12839 1
426 1729679697.459521 1729679697.463086 3565 1
427 1729679697.463119 1729679697.471498 8379 1
428 1729679697.471523 1729679697.478360 6837 1
429 1729679697.478384 1729679697.484203 5819 1
430 1729679697.484245 1729679697.489517 5272 1
431 1729679697.489544 1729679697.497215 7671 1
432 1729679697.497243 1729679697.502439 5196 1
433 1729679697.502465 1729679697.508316 5851 1
434 1729679697.508358 1729679697.514663 6305 1
435 1729679697.514697 1729679697.522341 7644 1
436 1729679697.522377 1729679697.526068 3691 1
437 1729679697.526105 1729679697.533424 7319 1
438 1729679697.533465 1729679697.542194 8729 1
439 1729679697.542220 1729679697.546809 4589 1
440 1729679697.546835 1729679697.552021 5186 1
441 1729679697.552047 1729679697.563292 11245 1
442 1729679697.563323 1729679697.568794 5471 1
443 1729679697.568830 1729679697.577064 8234 1
444 1729679697.577099 1729679697.582518 5419 1
445 1729679697.582553 1729679697.587939 5386 1
446 1729679697.587966 1729679697.592339 4373 1
447 1729679697.592363 1729679697.600204 7841 1
448 1729679697.600233 1729679697.604972 4739 1
449 1729679697.605011 1729679697.613041 8030 1
450 1729679697.613076 1729679697.620087 7011 1
451 1729679697.620111 1729679697.624961 4850 1
452 1729679697.624991 1729679697.630751 5760 1
453 1729679697.630783 1729679697.640451 9668 1
454 1729679697.640491 1729679697.649732 9241 1
455 1729679697.649762 1729679697.654484 4722 1
456 1729679697.654527 1729679697.658634 4107 1
457 1729679697.658666 1729679697.662131 3465 1
458 1729679697.662159 1729679697.671361 9202 1
459 1729679697.671388 1729679697.676788 5400 1
460 1729679697.676812 1729679697.684385 7573 1
461 1729679697.684418 1729679697.687812 3394 1
462 1729679697.687842 1729679697.694275 6433 1
463 1729679697.694306 1729679697.699567 5261 1
464 1729679697.699596 1729679697.704220 4624 1
465 1729679697.704246 1729679697.708413 4167 1
466 1729679697.708441 1729679697.713682 5241 1
467 1729679697.713704 1729679697.726782 13078 1
468 1729679697.726820 1729679697.734632 7812 1
469 1729679697.734661 1729679697.737449 2788 1
470 1729679697.737474 1729679697.743913 6439 1
471 1729679697.743942 1729679697.749200 5258 1
472 1729679697.749237 1729679697.755720 6483 1
473 1729679697.755751 1729679697.760769 5018 1
474 1729679697.760795 1729679697.764234 3439 1
475 1729679697.764278 1729679697.772096 7818 1
476 1729679697.772124 1729679697.780509 8385 1
477 1729679697.780536 1729679697.787887 7351 1
478 1729679697.787922 1729679697.792513 4591 1
479 1729679697.792548 1729679697.803370 10822 1
480 1729679697.803398 1729679697.806603 3205 1
481 1729679697.806639 1729679697.813433 6794 1
482 1729679697.813459 1729679697.825729 12270 1
483 1729679697.825775 1729679697.839874 14099 1
484 1729679697.845630 1729679697.863912 18282 1
485 1729679697.863955 1729679697.885720 21765 1
486 1729679697.885752 1729679697.913921 28169 1
487 1729679697.913969 1729679697.923240 9271 1
488 1729679697.923270 1729679697.943577 20307 1
489 1729679697.943635 1729679697.969641 26006 1
490 1729679697.969683 1729679698.001592 31909 1
491 1729679698.001639 1729679698.021108 19469 1
492 1729679698.021138 1729679698.030883 9745 1
493 1729679698.030908 1729679698.036408 5500 1
494 1729679698.036454 1729679698.044547 8093 1
495 1729679698.044583 1729679698.053504 8921 1
496 1729679698.053531 1729679698.063464 9933 1
497 1729679698.063504 1729679698.068705 5201 1
498 1729679698.068725 1729679698.075111 6386 1
499 1729679698.075139 1729679698.079451 4312 1
500 1729679698.079475 1729679698.085880 6405 1
501 1729679698.085908 1729679698.090186 4278 1
502 1729679698.090215 1729679698.093094 2879 1
503 1729679698.093126 1729679698.100329 7203 1
504 1729679698.100361 1729679698.107891 7530 1
505 1729679698.107932 1729679698.111516 3584 1
506 1729679698.111551 1729679698.118829 7278 1
507 1729679698.118860 1729679698.127604 8744 1
508 1729679698.127639 1729679698.130277 2638 1
509 1729679698.130302 1729679698.135201 4899 1
510 1729679698.135222 1729679698.141303 6081 1
511 1729679698.141333 1729679698.145564 4231 1
512 1729679698.145595 1729679698.153083 7488 1
513 1729679698.153117 1729679698.160120 7003 1
514 1729679698.160143 1729679698.166680 6537 1
515 1729679698.166709 1729679698.171521 4812 1
516 1729679698.171548 1729679698.175708 4160 1
517 1729679698.175749 1729679698.183067 7318 1
518 1729679698.183093 1729679698.189170 6077 1
519 1729679698.189196 1729679698.194470 5274 1
520 1729679698.194494 1729679698.204161 9667 1
521 1729679698.204202 1729679698.212495 8293 1
522 1729679698.212533 1729679698.217896 5363 1
523 1729679698.217918 1729679698.224777 6859 1
524 1729679698.224816 1729679698.232026 7210 1
525 1729679698.232053 1729679698.236826 4773 1
526 1729679698.236852 1729679698.244184 7332 1
527 1729679698.244207 1729679698.255143 10936 1
528 1729679698.255173 1729679698.269879 14706 1
529 1729679698.269908 1729679698.277094 7186 1
530 1729679698.277127 1729679698.284662 7535 1
531 1729679698.284704 1729679698.301794 17090 1
532 1729679698.301842 1729679698.326337 24495 1
533 1729679698.326402 1729679698.354015 27613 1
534 1729679698.354050 1729679698.394371 40321 1
535 1729679698.394409 1729679698.405559 11150 1
536 1729679698.405597 1729679698.423824 18227 1
537 1729679698.423857 1729679698.441767 17910 1
538 1729679698.441798 1729679698.464051 22253 1
539 1729679698.464083 1729679698.480100 16017 1
540 1729679698.480138 1729679698.484374 4236 1
541 1729679698.484419 1729679698.498801 14382 1
542 1729679698.498832 1729679698.510102 11270 1
543 1729679698.510155 1729679698.515798 5643 1
544 1729679698.515834 1729679698.520054 4220 1
545 1729679698.520079 1729679698.524985 4906 1
546 1729679698.525025 1729679698.529137 4112 1
547 1729679698.529165 1729679698.536005 6840 1
548 1729679698.536025 1729679698.541249 5224 1
549 1729679698.541281 1729679698.547076 5795 1
550 1729679698.547103 1729679698.553451 6348 1
551 1729679698.553490 1729679698.559745 6255 1
552 1729679698.559774 1729679698.567656 7882 1
553 1729679698.567684 1729679698.575183 7499 1
554 1729679698.575208 1729679698.579696 4488 1
555 1729679698.579733 1729679698.587046 7313 1
556 1729679698.587078 1729679698.590806 3728 1
557 1729679698.590832 1729679698.597499 6667 1
558 1729679698.597538 1729679698.605186 7648 1
559 1729679698.605214 1729679698.615632 10418 1
560 1729679698.615676 1729679698.620613 4937 1
561 1729679698.620640 1729679698.626566 5926 1
562 1729679698.626617 1729679698.634917 8300 1
563 1729679698.634960 1729679698.645328 10368 1
564 1729679698.645355 1729679698.654737 9382 1
565 1729679698.654764 1729679698.660312 5548 1
566 1729679698.660357 1729679698.674178 13821 1
567 1729679698.674217 1729679698.683128 8911 1
568 1729679698.683179 1729679698.689547 6368 1
569 1729679698.689584 1729679698.699161 9577 1
570 1729679698.699189 1729679698.705759 6570 1
571 1729679698.705791 1729679698.715349 9558 1
572 1729679698.715374 1729679698.724420 9046 1
573 1729679698.724448 1729679698.728481 4033 1
574 1729679698.728514 1729679698.733769 5255 1
575 1729679698.733807 1729679698.745512 11705 1
576 1729679698.745545 1729679698.756275 10730 1
577 1729679698.756303 1729679698.759916 3613 1
578 1729679698.759941 1729679698.767490 7549 1
579 1729679698.767529 1729679698.772498 4969 1
580 1729679698.772532 1729679698.782483 9951 1
581 1729679698.782515 1729679698.790415 7900 1
582 1729679698.790444 1729679698.795507 5063 1
583 1729679698.795536 1729679698.809503 13967 1
584 1729679698.809551 1729679698.817526 7975 1
585 1729679698.817563 1729679698.833224 15661 1
586 1729679698.833248 1729679698.838643 5395 1
587 1729679698.850872 1729679698.857452 6580 1
588 1729679698.857494 1729679698.885264 27770 1
589 1729679698.885309 1729679698.901197 15888 1
590 1729679698.901231 1729679698.916042 14811 1
591 1729679698.916095 1729679698.937642 21547 1
592 1729679698.937678 1729679698.949770 12092 1
593 1729679698.949805 1729679698.963549 13744 1
594 1729679698.963596 1729679698.980421 16825 1
595 1729679698.980452 1729679698.996844 16392 1
596 1729679698.996871 1729679699.003720 6849 1
597 1729679699.003754 1729679699.011563 7809 1
598 1729679699.011594 1729679699.020471 8877 1
599 1729679699.020501 1729679699.026271 5770 1
600 1729679699.026301 1729679699.033393 7092 1
601 1729679699.033438 1729679699.056201 22763 1
602 1729679699.056230 1729679699.066493 10263 1
603 1729679699.066545 1729679699.075794 9249 1
604 1729679699.075832 1729679699.083796 7964 1
605 1729679699.083869 1729679699.087074 3205 1
606 1729679699.087122 1729679699.093567 6445 1
607 1729679699.093610 1729679699.098079 4469 1
608 1729679699.098112 1729679699.106343 8231 1
609 1729679699.106373 1729679699.115510 9137 1
610 1729679699.115555 1729679699.124212 8657 1
611 1729679699.124232 1729679699.128350 4118 1
612 1729679699.128382 1729679699.134965 6583 1
613 1729679699.134994 1729679699.139256 4262 1
614 1729679699.139284 1729679699.146614 7330 1
615 1729679699.146638 1729679699.154808 8170 1
616 1729679699.154844 1729679699.159624 4780 1
617 1729679699.159649 1729679699.164860 5211 1
618 1729679699.164893 1729679699.172990 8097 1
619 1729679699.173015 1729679699.178823 5808 1
620 1729679699.178858 1729679699.185765 6907 1
621 1729679699.185796 1729679699.197917 12121 1
622 1729679699.197944 1729679699.202390 4446 1
623 1729679699.202426 1729679699.207389 4963 1
624 1729679699.207415 1729679699.212365 4950 1
625 1729679699.212399 1729679699.216441 4042 1
626 1729679699.216474 1729679699.223773 7299 1
627 1729679699.223796 1729679699.229123 5327 1
628 1729679699.229147 1729679699.235825 6678 1
629 1729679699.235855 1729679699.243893 8038 1
630 1729679699.243925 1729679699.252674 8749 1
631 1729679699.252702 1729679699.256639 3937 1
632 1729679699.256666 1729679699.262879 6213 1
633 1729679699.262917 1729679699.272589 9672 1
634 1729679699.272622 1729679699.282151 9529 1
635 1729679699.282184 1729679699.287849 5665 1
636 1729679699.287893 1729679699.295939 8046 1
637 1729679699.295972 1729679699.301535 5563 1
638 1729679699.301583 1729679699.304992 3409 1
639 1729679699.305020 1729679699.308030 3010 1
640 1729679699.308056 1729679699.316300 8244 1
641 1729679699.316331 1729679699.322668 6337 1
642 1729679699.322851 1729679699.345772 22921 1
643 1729679699.357727 1729679699.366348 8621 1
644 1729679699.366462 1729679699.380521 14059 1
645 1729679699.380563 1729679699.397633 17070 1
646 1729679699.397669 1729679699.415234 17565 1
647 1729679699.415282 1729679699.426855 11573 1
648 1729679699.426988 1729679699.448166 21178 1
649 1729679699.448197 1729679699.457001 8804 1
650 1729679699.457030 1729679699.464176 7146 1
651 1729679699.464224 1729679699.474702 10478 1
652 1729679699.474747 1729679699.485851 11104 1
653 1729679699.485895 1729679699.490536 4641 1
654 1729679699.490561 1729679699.499302 8741 1
655 1729679699.499330 1729679699.507111 7781 1
656 1729679699.507157 1729679699.514465 7308 1
657 1729679699.514513 1729679699.519895 5382 1
658 1729679699.519931 1729679699.528055 8124 1
659 1729679699.528085 1729679699.532627 4542 1
660 1729679699.532659 1729679699.538407 5748 1
661 1729679699.538435 1729679699.545435 7000 1
662 1729679699.545506 1729679699.552228 6722 1
663 1729679699.552254 1729679699.556898 4644 1
664 1729679699.556930 1729679699.567488 10558 1
665 1729679699.567516 1729679699.570457 2941 1
666 1729679699.570498 1729679699.578325 7827 1
667 1729679699.578354 1729679699.587554 9200 1
668 1729679699.587595 1729679699.597367 9772 1
669 1729679699.597413 1729679699.604665 7252 1
670 1729679699.604690 1729679699.609309 4619 1
671 1729679699.609373 1729679699.614913 5540 1
672 1729679699.614941 1729679699.621774 6833 1
673 1729679699.621807 1729679699.630845 9038 1
674 1729679699.630915 1729679699.639192 8277 1
675 1729679699.639231 1729679699.642857 3626 1
676 1729679699.642916 1729679699.647826 4910 1
677 1729679699.647862 1729679699.653828 5966 1
678 1729679699.653862 1729679699.660062 6200 1
679 1729679699.660106 1729679699.667845 7739 1
680 1729679699.667872 1729679699.676958 9086 1
681 1729679699.677014 1729679699.683949 6935 1
682 1729679699.683978 1729679699.691424 7446 1
683 1729679699.691459 1729679699.697084 5625 1
684 1729679699.697109 1729679699.705490 8381 1
685 1729679699.705531 1729679699.711457 5926 1
686 1729679699.711491 1729679699.720981 9490 1
687 1729679699.721010 1729679699.727795 6785 1
688 1729679699.727846 1729679699.736961 9115 1
689 1729679699.736987 1729679699.743100 6113 1
690 1729679699.743141 1729679699.750338 7197 1
691 1729679699.750360 1729679699.759642 9282 1
692 1729679699.759688 1729679699.768702 9014 1
693 1729679699.768737 1729679699.776013 7276 1
694 1729679699.776045 1729679699.785078 9033 1
695 1729679699.785130 1729679699.792915 7785 1
696 1729679699.792950 1729679699.800203 7253 1
697 1729679699.800240 1729679699.808502 8262 1
698 1729679699.808532 1729679699.814768 6236 1
699 1729679699.814824 1729679699.827158 12334 1
700 1729679699.827196 1729679699.846115 18919 1
701 1729679699.846161 1729679699.881862 35701 1
702 1729679699.881901 1729679699.899002 17101 1
703 1729679699.899042 1729679699.917345 18303 1
704 1729679699.917375 1729679699.927785 10410 1
705 1729679699.927832 1729679699.938678 10846 1
706 1729679699.938703 1729679699.949845 11142 1
707 1729679699.949875 1729679699.958761 8886 1
708 1729679699.958800 1729679699.965561 6761 1
709 1729679699.965596 1729679699.972181 6585 1
710 1729679699.972214 1729679699.982891 10677 1
711 1729679699.982928 1729679699.993153 10225 1
712 1729679699.993179 1729679700.000296 7117 1
713 1729679700.000327 1729679700.009152 8825 1
714 1729679700.009194 1729679700.027785 18591 1
715 1729679700.027826 1729679700.036767 8941 1
716 1729679700.036835 1729679700.049558 12723 1
717 1729679700.049585 1729679700.056833 7248 1
718 1729679700.056868 1729679700.065752 8884 1
719 1729679700.065784 1729679700.072031 6247 1
720 1729679700.072058 1729679700.078920 6862 1
721 1729679700.078952 1729679700.086733 7781 1
722 1729679700.086792 1729679700.104870 18078 1
723 1729679700.104899 1729679700.116341 11442 1
724 1729679700.117602 1729679700.124870 7268 1
725 1729679700.124913 1729679700.136358 11445 1
726 1729679700.136399 1729679700.143500 7101 1
727 1729679700.143533 1729679700.149100 5567 1
728 1729679700.149140 1729679700.158559 9419 1
729 1729679700.158620 1729679700.163324 4704 1
730 1729679700.163350 1729679700.177704 14354 1
731 1729679700.177732 1729679700.182275 4543 1
732 1729679700.182303 1729679700.191204 8901 1
733 1729679700.191239 1729679700.200622 9383 1
734 1729679700.200655 1729679700.209724 9069 1
735 1729679700.209751 1729679700.214112 4361 1
736 1729679700.214138 1729679700.221938 7800 1
737 1729679700.221981 1729679700.227713 5732 1
738 1729679700.227740 1729679700.234407 6667 1
739 1729679700.234441 1729679700.241420 6979 1
740 1729679700.241457 1729679700.247858 6401 1
741 1729679700.247887 1729679700.256558 8671 1
742 1729679700.256583 1729679700.260175 3592 1
743 1729679700.260206 1729679700.266831 6625 1
744 1729679700.266862 1729679700.272410 5548 1
745 1729679700.272448 1729679700.279551 7103 1
746 1729679700.279579 1729679700.286828 7249 1
747 1729679700.286856 1729679700.292267 5411 1
748 1729679700.292294 1729679700.301244 8950 1
749 1729679700.301276 1729679700.313373 12097 1
750 1729679700.313399 1729679700.320410 7011 1
751 1729679700.320450 1729679700.328435 7985 1
752 1729679700.328471 1729679700.335215 6744 1
753 1729679700.335243 1729679700.341623 6380 1
754 1729679700.346836 1729679700.368688 21852 1
755 1729679700.368759 1729679700.379632 10873 1
756 1729679700.379698 1729679700.405482 25784 1
757 1729679700.405536 1729679700.422230 16694 1
758 1729679700.422267 1729679700.427472 5205 1
759 1729679700.427504 1729679700.441378 13874 1
760 1729679700.441405 1729679700.454045 12640 1
761 1729679700.454083 1729679700.461017 6934 1
762 1729679700.461038 1729679700.468529 7491 1
763 1729679700.468565 1729679700.473063 4498 1
764 1729679700.473090 1729679700.480271 7181 1
765 1729679700.480320 1729679700.494516 14196 1
766 1729679700.494550 1729679700.500974 6424 1
767 1729679700.501006 1729679700.505119 4113 1
768 1729679700.505143 1729679700.509766 4623 1
769 1729679700.509793 1729679700.514380 4587 1
770 1729679700.514406 1729679700.521283 6877 1
771 1729679700.521313 1729679700.526243 4930 1
772 1729679700.526268 1729679700.531714 5446 1
773 1729679700.531746 1729679700.536879 5133 1
774 1729679700.536908 1729679700.541909 5001 1
775 1729679700.541939 1729679700.547437 5498 1
776 1729679700.547466 1729679700.553714 6248 1
777 1729679700.553749 1729679700.560817 7068 1
778 1729679700.560860 1729679700.570111 9251 1
779 1729679700.570131 1729679700.572931 2800 1
780 1729679700.572972 1729679700.581372 8400 1
781 1729679700.581409 1729679700.586007 4598 1
782 1729679700.586030 1729679700.596772 10742 1
783 1729679700.596808 1729679700.606340 9532 1
784 1729679700.606369 1729679700.614772 8403 1
785 1729679700.614806 1729679700.620224 5418 1
786 1729679700.620257 1729679700.626699 6442 1
787 1729679700.626730 1729679700.635765 9035 1
788 1729679700.635795 1729679700.643123 7328 1
789 1729679700.643153 1729679700.648364 5211 1
790 1729679700.648386 1729679700.653351 4965 1
791 1729679700.653387 1729679700.660209 6822 1
792 1729679700.660245 1729679700.667360 7115 1
793 1729679700.667390 1729679700.674869 7479 1
794 1729679700.674899 1729679700.681789 6890 1
795 1729679700.681818 1729679700.685868 4050 1
796 1729679700.685901 1729679700.694956 9055 1
797 1729679700.694987 1729679700.712336 17349 1
798 1729679700.712377 1729679700.721050 8673 1
799 1729679700.721078 1729679700.729032 7954 1
800 1729679700.729059 1729679700.733183 4124 1
801 1729679700.733217 1729679700.744061 10844 1
802 1729679700.744088 1729679700.755201 11113 1
803 1729679700.755228 1729679700.766623 11395 1
804 1729679700.766651 1729679700.770509 3858 1
805 1729679700.770532 1729679700.779328 8796 1
806 1729679700.779356 1729679700.785653 6297 1
807 1729679700.785683 1729679700.791976 6293 1
808 1729679700.792004 1729679700.802008 10004 1
809 1729679700.802045 1729679700.806971 4926 1
810 1729679700.807002 1729679700.818594 11592 1
811 1729679700.818629 1729679700.826277 7648 1
812 1729679700.826304 1729679700.836058 9754 1
813 1729679700.836117 1729679700.841608 5491 1
814 1729679700.847279 1729679700.864898 17619 1
815 1729679700.864944 1729679700.882986 18042 1
816 1729679700.883033 1729679700.917948 34915 1
817 1729679700.918342 1729679700.935741 17399 1
818 1729679700.935772 1729679700.940205 4433 1
819 1729679700.940252 1729679700.946827 6575 1
820 1729679700.946856 1729679701.031698 84842 1
821 1729679701.031738 1729679701.059328 27590 1
822 1729679701.059354 1729679701.068025 8671 1
823 1729679701.068077 1729679701.083095 15018 1
824 1729679701.083138 1729679701.100273 17135 1
825 1729679701.100422 1729679701.118612 18190 1
826 1729679701.118646 1729679701.133577 14931 1
827 1729679701.133600 1729679701.151599 17999 1
828 1729679701.151650 1729679701.165053 13403 1
829 1729679701.165082 1729679701.176627 11545 1
830 1729679701.176665 1729679701.189841 13176 1
831 1729679701.189891 1729679701.200130 10239 1
832 1729679701.200170 1729679701.206017 5847 1
833 1729679701.206056 1729679701.212954 6898 1
834 1729679701.212989 1729679701.222585 9596 1
835 1729679701.222612 1729679701.231075 8463 1
836 1729679701.231112 1729679701.240399 9287 1
837 1729679701.240457 1729679701.250335 9878 1
838 1729679701.250359 1729679701.260276 9917 1
839 1729679701.260314 1729679701.266800 6486 1
840 1729679701.266842 1729679701.274696 7854 1
841 1729679701.274748 1729679701.284653 9905 1
842 1729679701.284713 1729679701.789662 504949 1
843 1729679701.789696 1729679701.795171 5475 1
844 1729679701.795201 1729679701.798022 2821 1
845 1729679701.798049 1729679701.801185 3136 1
846 1729679701.801234 1729679701.804609 3375 1
847 1729679701.804637 1729679701.809371 4734 1
848 1729679701.809400 1729679701.812470 3070 1
849 1729679701.812496 1729679701.818990 6494 1
850 1729679701.819016 1729679701.824962 5946 1
851 1729679701.824993 1729679701.832967 7974 1
852 1729679701.833003 1729679701.838329 5326 1
853 1729679701.847704 1729679701.861419 13715 1
854 1729679701.861476 1729679701.873932 12456 1
855 1729679701.873976 1729679701.884410 10434 1
856 1729679701.884461 1729679701.894269 9808 1
857 1729679701.894304 1729679701.900250 5946 1
858 1729679701.900284 1729679701.908586 8302 1
859 1729679701.908622 1729679701.914812 6190 1
860 1729679701.914835 1729679701.920645 5810 1
861 1729679701.920677 1729679701.925694 5017 1
862 1729679701.925725 1729679701.934498 8773 1
863 1729679701.934532 1729679701.939790 5258 1
864 1729679701.939821 1729679701.942708 2887 1
865 1729679701.942738 1729679701.946133 3395 1
866 1729679701.946156 1729679701.951704 5548 1
867 1729679701.951741 1729679701.958469 6728 1
868 1729679701.958498 1729679701.962536 4038 1
869 1729679701.962578 1729679701.967960 5382 1
870 1729679701.967998 1729679701.976359 8361 1
871 1729679701.976394 1729679701.982704 6310 1
872 1729679701.982745 1729679701.989763 7018 1
873 1729679701.989794 1729679701.993729 3935 1
874 1729679701.993758 1729679702.000002 6244 1
875 1729679702.000033 1729679702.004886 4853 1
876 1729679702.004909 1729679702.009659 4750 1
877 1729679702.009688 1729679702.014895 5207 1
878 1729679702.014939 1729679702.019145 4206 1
879 1729679702.019177 1729679702.023099 3922 1
880 1729679702.023132 1729679702.027858 4726 1
881 1729679702.027904 1729679702.032746 4842 1
882 1729679702.032785 1729679702.036629 3844 1
883 1729679702.036655 1729679702.041844 5189 1
884 1729679702.041874 1729679702.046708 4834 1
885 1729679702.046753 1729679702.051912 5159 1
886 1729679702.051951 1729679702.058343 6392 1
887 1729679702.058369 1729679702.065225 6856 1
888 1729679702.065263 1729679702.073383 8120 1
889 1729679702.073415 1729679702.077611 4196 1
890 1729679702.077643 1729679702.083758 6115 1
891 1729679702.083787 1729679702.087481 3694 1
892 1729679702.087512 1729679702.092196 4684 1
893 1729679702.092232 1729679702.099208 6976 1
894 1729679702.099253 1729679702.104222 4969 1
895 1729679702.104246 1729679702.111731 7485 1
896 1729679702.111784 1729679702.114783 2999 1
897 1729679702.114821 1729679702.123366 8545 1
898 1729679702.123392 1729679702.127394 4002 1
899 1729679702.127421 1729679702.131616 4195 1
900 1729679702.131665 1729679702.134050 2385 1
901 1729679702.134074 1729679702.138782 4708 1
902 1729679702.138808 1729679702.141510 2702 1
903 1729679702.141542 1729679702.143698 2156 1
904 1729679702.143728 1729679702.148275 4547 1
905 1729679702.148302 1729679702.155931 7629 1
906 1729679702.155968 1729679702.160470 4502 1
907 1729679702.160496 1729679702.163663 3167 1
908 1729679702.163697 1729679702.169101 5404 1
909 1729679702.169139 1729679702.175882 6743 1
910 1729679702.175910 1729679702.180626 4716 1
911 1729679702.180660 1729679702.186956 6296 1
912 1729679702.186991 1729679702.192443 5452 1
913 1729679702.192472 1729679702.211383 18911 1
914 1729679702.211415 1729679702.221977 10562 1
915 1729679702.222002 1729679702.231763 9761 1
916 1729679702.231794 1729679702.237381 5587 1
917 1729679702.237415 1729679702.241911 4496 1
918 1729679702.241945 1729679702.247308 5363 1
919 1729679702.247346 1729679702.251744 4398 1
920 1729679702.251772 1729679702.257403 5631 1
921 1729679702.257441 1729679702.264038 6597 1
922 1729679702.264067 1729679702.267983 3916 1
923 1729679702.268011 1729679702.273274 5263 1
924 1729679702.273300 1729679702.276427 3127 1
925 1729679702.276459 1729679702.280347 3888 1
926 1729679702.280370 1729679702.284634 4264 1
927 1729679702.284658 1729679702.289748 5090 1
928 1729679702.289778 1729679702.295590 5812 1
929 1729679702.295617 1729679702.302254 6637 1
930 1729679702.302279 1729679702.309408 7129 1
931 1729679702.309446 1729679702.312295 2849 1
932 1729679702.312365 1729679702.318434 6069 1
933 1729679702.318488 1729679702.328222 9734 1
934 1729679702.328264 1729679702.333110 4846 1
935 1729679702.333146 1729679702.374104 40958 1
936 1729679702.375791 1729679702.397503 21712 1
937 1729679702.397540 1729679702.412385 14845 1
938 1729679702.412431 1729679702.421513 9082 1
939 1729679702.421562 1729679702.434172 12610 1
940 1729679702.434218 1729679702.452644 18426 1
941 1729679702.452697 1729679702.464981 12284 1
942 1729679702.465015 1729679702.471786 6771 1
943 1729679702.471815 1729679702.479240 7425 1
944 1729679702.479266 1729679702.491841 12575 1
945 1729679702.491895 1729679702.499546 7651 1
946 1729679702.499850 1729679702.582586 82736 1
947 1729679702.582617 1729679702.593302 10685 1
948 1729679702.593341 1729679702.599293 5952 1
949 1729679702.599317 1729679702.603415 4098 1
950 1729679702.603452 1729679702.607529 4077 1
951 1729679702.607572 1729679702.614346 6774 1
952 1729679702.614373 1729679702.618634 4261 1
953 1729679702.618662 1729679702.622329 3667 1
954 1729679702.622361 1729679702.626800 4439 1
955 1729679702.626846 1729679702.635601 8755 1
956 1729679702.635632 1729679702.642439 6807 1
957 1729679702.642469 1729679702.653008 10539 1
958 1729679702.653054 1729679702.658767 5713 1
959 1729679702.666712 1729679702.684757 18045 1
960 1729679702.684857 1729679702.692788 7931 1
961 1729679702.692832 1729679702.709143 16311 1
962 1729679702.709172 1729679702.719992 10820 1
963 1729679702.720027 1729679702.731313 11286 1
964 1729679702.731346 1729679702.739504 8158 1
965 1729679702.739538 1729679702.744677 5139 1
966 1729679702.744717 1729679702.751635 6918 1
967 1729679702.751676 1729679702.757930 6254 1
968 1729679702.757951 1729679702.761574 3623 1
969 1729679702.761604 1729679702.765409 3805 1
970 1729679702.765448 1729679702.769858 4410 1
971 1729679702.769898 1729679702.777282 7384 1
972 1729679702.777321 1729679702.781309 3988 1
973 1729679702.781334 1729679702.785217 3883 1
974 1729679702.785251 1729679702.791364 6113 1
975 1729679702.791396 1729679702.797231 5835 1
976 1729679702.797260 1729679702.802716 5456 1
977 1729679702.802744 1729679702.805706 2962 1
978 1729679702.805740 1729679702.810534 4794 1
979 1729679702.810556 1729679702.813312 2756 1
980 1729679702.813340 1729679702.819009 5669 1
981 1729679702.819036 1729679702.823600 4564 1
982 1729679702.823626 1729679702.826906 3280 1
983 1729679702.826932 1729679702.830269 3337 1
984 1729679702.830311 1729679702.833772 3461 1
985 1729679702.833798 1729679702.837734 3936 1
986 1729679702.837768 1729679702.843383 5615 1
987 1729679702.843412 1729679702.847456 4044 1
988 1729679702.847480 1729679702.851013 3533 1
989 1729679702.851048 1729679702.855856 4808 1
990 1729679702.855885 1729679702.857812 1927 1
991 1729679702.857840 1729679702.863102 5262 1
992 1729679702.863132 1729679702.866828 3696 1
993 1729679702.866859 1729679702.873115 6256 1
994 1729679702.873144 1729679702.880064 6920 1
995 1729679702.880106 1729679702.885415 5309 1
996 1729679702.885447 1729679702.889261 3814 1
997 1729679702.889299 1729679702.894332 5033 1
998 1729679702.894354 1729679702.907135 12781 1
999 1729679702.907184 1729679702.914823 7639 1
1000 1729679702.914870 1729679702.923131 8261 1
# Commit_Ratio: 1.000000
# Overall_Latency: 9258.876000
# Begin: 1000, 1.256000
# Get: 0, -nan
# Put: 1000, 2840.237000
# Commit: 1000, 6416.535000
