1 1730400829.957029 1730400829.989767 32738 1
2 1730400829.989907 1730400830.007777 17870 0
3 1730400830.007821 1730400830.017848 10027 1
4 1730400830.017888 1730400830.042109 24221 1
5 1730400830.042165 1730400830.046925 4760 1
6 1730400830.046951 1730400830.049970 3019 1
7 1730400830.049998 1730400830.052786 2788 1
8 1730400830.052819 1730400830.055470 2651 1
9 1730400830.055498 1730400830.057375 1877 1
10 1730400830.057397 1730400830.059355 1958 0
11 1730400830.059381 1730400830.062583 3202 1
12 1730400830.062619 1730400830.064122 1503 1
13 1730400830.064151 1730400830.066026 1875 1
14 1730400830.066063 1730400830.067645 1582 1
15 1730400830.067676 1730400830.070703 3027 1
16 1730400830.070742 1730400830.079942 9200 0
17 1730400830.079983 1730400830.082555 2572 1
18 1730400830.082582 1730400830.085254 2672 1
19 1730400830.085288 1730400830.087398 2110 1
20 1730400830.087440 1730400830.090106 2666 0
21 1730400830.090143 1730400830.092551 2408 1
22 1730400830.092582 1730400830.094719 2137 1
23 1730400830.094757 1730400830.097647 2890 1
24 1730400830.097690 1730400830.100606 2916 1
25 1730400830.100639 1730400830.103835 3196 1
26 1730400830.103877 1730400830.109366 5489 1
27 1730400830.109393 1730400830.111001 1608 1
28 1730400830.111036 1730400830.113283 2247 0
29 1730400830.113304 1730400830.115246 1942 1
30 1730400830.115279 1730400830.116959 1680 1
31 1730400830.116994 1730400830.118469 1475 1
32 1730400830.118501 1730400830.120069 1568 1
33 1730400830.120099 1730400830.121413 1314 1
34 1730400830.121439 1730400830.122849 1410 1
35 1730400830.122874 1730400830.124216 1342 1
36 1730400830.124243 1730400830.126742 2499 1
37 1730400830.126768 1730400830.129338 2570 1
38 1730400830.129373 1730400830.131605 2232 1
39 1730400830.131639 1730400830.133500 1861 1
40 1730400830.133528 1730400830.135342 1814 0
41 1730400830.135370 1730400830.138930 3560 1
42 1730400830.138955 1730400830.140867 1912 1
43 1730400830.140900 1730400830.143019 2119 1
44 1730400830.143060 1730400830.145379 2319 1
45 1730400830.145405 1730400830.147042 1637 1
46 1730400830.147074 1730400830.148895 1821 1
47 1730400830.148935 1730400830.150570 1635 1
48 1730400830.150594 1730400830.152345 1751 1
49 1730400830.152368 1730400830.154335 1967 1
50 1730400830.154358 1730400830.156834 2476 1
51 1730400830.156861 1730400830.158462 1601 1
52 1730400830.158484 1730400830.160300 1816 1
53 1730400830.160325 1730400830.162427 2102 0
54 1730400830.162454 1730400830.164744 2290 1
55 1730400830.164763 1730400830.167082 2319 1
56 1730400830.167111 1730400830.168931 1820 1
57 1730400830.168972 1730400830.170975 2003 1
58 1730400830.171010 1730400830.174073 3063 1
59 1730400830.174115 1730400830.183047 8932 1
60 1730400830.183077 1730400830.186369 3292 1
61 1730400830.186416 1730400830.191594 5178 1
62 1730400830.191646 1730400830.194447 2801 1
63 1730400830.194471 1730400830.196383 1912 1
64 1730400830.196412 1730400830.198755 2343 1
65 1730400830.198789 1730400830.202141 3352 0
66 1730400830.202175 1730400830.204403 2228 1
67 1730400830.204432 1730400830.206868 2436 1
68 1730400830.206895 1730400830.209503 2608 1
69 1730400830.209533 1730400830.212579 3046 1
70 1730400830.212617 1730400830.216235 3618 1
71 1730400830.216259 1730400830.218140 1881 1
72 1730400830.218173 1730400830.220173 2000 1
73 1730400830.220208 1730400830.222025 1817 1
74 1730400830.222062 1730400830.224135 2073 1
75 1730400830.224160 1730400830.225782 1622 1
76 1730400830.225815 1730400830.227517 1702 1
77 1730400830.227546 1730400830.229673 2127 1
78 1730400830.229700 1730400830.231825 2125 1
79 1730400830.231855 1730400830.233362 1507 1
80 1730400830.233387 1730400830.235524 2137 1
81 1730400830.235547 1730400830.238340 2793 1
82 1730400830.238373 1730400830.240783 2410 1
83 1730400830.240820 1730400830.244483 3663 1
84 1730400830.244511 1730400830.249266 4755 1
85 1730400830.249464 1730400830.251587 2123 1
86 1730400830.251610 1730400830.253390 1780 1
87 1730400830.253411 1730400830.255147 1736 1
88 1730400830.255175 1730400830.259406 4231 0
89 1730400830.259430 1730400830.261903 2473 1
90 1730400830.261931 1730400830.264333 2402 1
91 1730400830.264359 1730400830.266740 2381 1
92 1730400830.266784 1730400830.268727 1943 1
93 1730400830.268753 1730400830.270635 1882 1
94 1730400830.270671 1730400830.272732 2061 1
95 1730400830.272771 1730400830.274717 1946 1
96 1730400830.274751 1730400830.276665 1914 1
97 1730400830.276700 1730400830.279161 2461 0
98 1730400830.279194 1730400830.281380 2186 1
99 1730400830.281410 1730400830.282784 1374 1
100 1730400830.282806 1730400830.284557 1751 1
101 1730400830.284578 1730400830.286965 2387 1
102 1730400830.286998 1730400830.289377 2379 1
103 1730400830.289402 1730400830.291267 1865 1
104 1730400830.291310 1730400830.294638 3328 1
105 1730400830.294659 1730400830.298215 3556 1
106 1730400830.298276 1730400830.300890 2614 1
107 1730400830.300919 1730400830.303312 2393 1
108 1730400830.303345 1730400830.305070 1725 1
109 1730400830.305097 1730400830.306775 1678 1
110 1730400830.306818 1730400830.308748 1930 1
111 1730400830.308791 1730400830.310793 2002 1
112 1730400830.310815 1730400830.313618 2803 1
113 1730400830.313647 1730400830.315781 2134 1
114 1730400830.315820 1730400830.318275 2455 1
115 1730400830.318320 1730400830.320278 1958 1
116 1730400830.320311 1730400830.322101 1790 1
117 1730400830.322131 1730400830.323796 1665 1
118 1730400830.323828 1730400830.325574 1746 1
119 1730400830.325595 1730400830.327647 2052 1
120 1730400830.327680 1730400830.329234 1554 1
121 1730400830.329271 1730400830.331641 2370 1
122 1730400830.331667 1730400830.333871 2204 1
123 1730400830.333895 1730400830.335916 2021 1
124 1730400830.335945 1730400830.337939 1994 1
125 1730400830.337969 1730400830.339816 1847 1
126 1730400830.339838 1730400830.341395 1557 1
127 1730400830.341418 1730400830.343362 1944 1
128 1730400830.343390 1730400830.345159 1769 1
129 1730400830.345186 1730400830.347386 2200 1
130 1730400830.347413 1730400830.350063 2650 1
131 1730400830.350142 1730400830.354843 4701 1
132 1730400830.354880 1730400830.359042 4162 1
133 1730400830.359081 1730400830.371187 12106 1
134 1730400830.371230 1730400830.381083 9853 1
135 1730400830.381126 1730400830.387695 6569 1
136 1730400830.387747 1730400830.394155 6408 1
137 1730400830.394182 1730400830.542363 148181 1
138 1730400830.542418 1730400830.554426 12008 1
139 1730400830.554487 1730400830.589727 35240 1
140 1730400830.589830 1730400830.595784 5954 0
141 1730400830.595822 1730400830.622372 26550 1
142 1730400830.622405 1730400830.626346 3941 1
143 1730400830.626400 1730400830.629307 2907 1
144 1730400830.629347 1730400830.631872 2525 1
145 1730400830.631906 1730400830.638479 6573 1
146 1730400830.638526 1730400830.644005 5479 1
147 1730400830.644071 1730400830.649028 4957 1
148 1730400830.649062 1730400830.651081 2019 1
149 1730400830.651110 1730400830.655808 4698 1
150 1730400830.655843 1730400830.658439 2596 1
151 1730400830.658471 1730400830.660250 1779 1
152 1730400830.660306 1730400830.662192 1886 1
153 1730400830.662216 1730400830.664539 2323 1
154 1730400830.664577 1730400830.666595 2018 0
155 1730400830.666641 1730400830.668644 2003 0
156 1730400830.668675 1730400830.672674 3999 0
157 1730400830.672700 1730400830.674767 2067 1
158 1730400830.674807 1730400830.676732 1925 1
159 1730400830.676757 1730400830.678506 1749 1
160 1730400830.678549 1730400830.680663 2114 1
161 1730400830.680684 1730400830.682490 1806 1
162 1730400830.682533 1730400830.684275 1742 1
163 1730400830.684302 1730400830.687165 2863 1
164 1730400830.687199 1730400830.689472 2273 1
165 1730400830.689518 1730400830.691873 2355 1
166 1730400830.691909 1730400830.694196 2287 1
167 1730400830.694219 1730400830.696311 2092 1
168 1730400830.696341 1730400830.698613 2272 1
169 1730400830.698641 1730400830.701245 2604 1
170 1730400830.701283 1730400830.704424 3141 1
171 1730400830.704488 1730400830.706858 2370 1
172 1730400830.706892 1730400830.709183 2291 1
173 1730400830.709212 1730400830.711088 1876 1
174 1730400830.711119 1730400830.713082 1963 1
175 1730400830.713119 1730400830.715474 2355 1
176 1730400830.715502 1730400830.717346 1844 1
177 1730400830.717428 1730400830.719167 1739 1
178 1730400830.719205 1730400830.722929 3724 1
179 1730400830.722963 1730400830.725327 2364 0
180 1730400830.725360 1730400830.727317 1957 1
181 1730400830.727353 1730400830.728843 1490 1
182 1730400830.728869 1730400830.730560 1691 1
183 1730400830.730589 1730400830.732607 2018 1
184 1730400830.732632 1730400830.734287 1655 1
185 1730400830.734336 1730400830.738203 3867 1
186 1730400830.738246 1730400830.740287 2041 1
187 1730400830.740315 1730400830.742025 1710 1
188 1730400830.742048 1730400830.743825 1777 1
189 1730400830.743854 1730400830.746367 2513 1
190 1730400830.746396 1730400830.748510 2114 1
191 1730400830.748558 1730400830.750302 1744 1
192 1730400830.750331 1730400830.752647 2316 1
193 1730400830.752704 1730400830.756571 3867 1
194 1730400830.756594 1730400830.758904 2310 1
195 1730400830.758945 1730400830.760505 1560 1
196 1730400830.760533 1730400830.762558 2025 1
197 1730400830.762587 1730400830.764419 1832 1
198 1730400830.764449 1730400830.766357 1908 1
199 1730400830.766383 1730400830.768350 1967 1
200 1730400830.768377 1730400830.771479 3102 1
201 1730400830.771526 1730400830.773758 2232 0
202 1730400830.773812 1730400830.775803 1991 1
203 1730400830.775855 1730400830.777632 1777 1
204 1730400830.777667 1730400830.779450 1783 1
205 1730400830.779482 1730400830.781569 2087 1
206 1730400830.781595 1730400830.783423 1828 1
207 1730400830.783449 1730400830.785643 2194 1
208 1730400830.785670 1730400830.789360 3690 1
209 1730400830.789464 1730400830.791474 2010 1
210 1730400830.791496 1730400830.793678 2182 1
211 1730400830.793713 1730400830.796997 3284 1
212 1730400830.797029 1730400830.799904 2875 1
213 1730400830.799947 1730400830.804748 4801 1
214 1730400830.804816 1730400830.807437 2621 1
215 1730400830.807477 1730400830.809632 2155 1
216 1730400830.809674 1730400830.811872 2198 1
217 1730400830.811934 1730400830.814021 2087 1
218 1730400830.814048 1730400830.817136 3088 1
219 1730400830.817160 1730400830.827814 10654 1
220 1730400830.827866 1730400830.830383 2517 1
221 1730400830.830417 1730400830.835522 5105 1
222 1730400830.835566 1730400830.841355 5789 1
223 1730400830.841383 1730400830.843261 1878 1
224 1730400830.843291 1730400830.845213 1922 1
225 1730400830.845279 1730400830.847240 1961 1
226 1730400830.847274 1730400830.849401 2127 1
227 1730400830.849428 1730400830.851659 2231 1
228 1730400830.851690 1730400830.857397 5707 1
229 1730400830.857431 1730400830.858885 1454 1
230 1730400830.858909 1730400830.860437 1528 1
231 1730400830.860462 1730400830.861932 1470 1
232 1730400830.861983 1730400830.863830 1847 1
233 1730400830.863859 1730400830.865558 1699 1
234 1730400830.865591 1730400830.867347 1756 0
235 1730400830.867400 1730400830.869201 1801 1
236 1730400830.869222 1730400830.871927 2705 1
237 1730400830.871955 1730400830.873806 1851 1
238 1730400830.873831 1730400830.875231 1400 1
239 1730400830.875256 1730400830.877028 1772 1
240 1730400830.877060 1730400830.878915 1855 1
241 1730400830.878939 1730400830.880952 2013 1
242 1730400830.880978 1730400830.882976 1998 1
243 1730400830.883002 1730400830.885090 2088 1
244 1730400830.885115 1730400830.887885 2770 1
245 1730400830.887953 1730400830.890103 2150 1
246 1730400830.890126 1730400830.891558 1432 1
247 1730400830.891575 1730400830.893203 1628 1
248 1730400830.893219 1730400830.894793 1574 1
249 1730400830.894815 1730400830.897086 2271 1
250 1730400830.897104 1730400830.898998 1894 1
251 1730400830.899028 1730400830.900776 1748 1
252 1730400830.900800 1730400830.902622 1822 1
253 1730400830.902659 1730400830.905779 3120 1
254 1730400830.905811 1730400830.907874 2063 1
255 1730400830.907920 1730400830.911738 3818 1
256 1730400830.911768 1730400830.913874 2106 1
257 1730400830.913902 1730400830.915731 1829 1
258 1730400830.915765 1730400830.917214 1449 1
259 1730400830.917239 1730400830.921838 4599 1
260 1730400830.921922 1730400830.924460 2538 1
261 1730400830.924489 1730400830.926257 1768 1
262 1730400830.926279 1730400830.928080 1801 1
263 1730400830.928105 1730400830.929562 1457 1
264 1730400830.929594 1730400830.931575 1981 1
265 1730400830.931619 1730400830.933502 1883 1
266 1730400830.933538 1730400830.935639 2101 1
267 1730400830.935669 1730400830.939487 3818 1
268 1730400830.939518 1730400830.941346 1828 1
269 1730400830.941374 1730400830.943486 2112 1
270 1730400830.943506 1730400830.945402 1896 1
271 1730400830.945436 1730400830.946989 1553 1
272 1730400830.947018 1730400830.949120 2102 1
273 1730400830.949147 1730400830.950892 1745 1
274 1730400830.950932 1730400830.954182 3250 1
275 1730400830.954243 1730400830.957107 2864 1
# Commit_Ratio: 0.938182
# Overall_Latency: 3574.294574
# Begin: 275, 0.850909
# Get: 265, 1153.430189
# Put: 285, 1072.670175
# Commit: 275, 1374.832727
