1 1730310739.864037 1730310739.929056 65019 1
2 1730310739.929159 1730310739.992020 62861 0
3 1730310739.992074 1730310740.009657 17583 1
4 1730310740.009715 1730310740.041436 31721 1
5 1730310740.041487 1730310740.058315 16828 1
6 1730310740.058362 1730310740.075210 16848 1
7 1730310740.075266 1730310740.094352 19086 1
8 1730310740.094395 1730310740.103854 9459 1
9 1730310740.103888 1730310740.115531 11643 0
10 1730310740.115580 1730310740.311585 196005 1
11 1730310740.311628 1730310740.327812 16184 1
12 1730310740.327864 1730310740.333768 5904 1
13 1730310740.333812 1730310740.348981 15169 1
14 1730310740.349030 1730310740.380211 31181 1
15 1730310740.380234 1730310740.404907 24673 1
16 1730310740.404956 1730310740.466194 61238 1
17 1730310740.466252 1730310740.498303 32051 1
18 1730310740.498330 1730310740.527132 28802 0
19 1730310740.527180 1730310740.537954 10774 0
20 1730310740.538012 1730310740.545417 7405 0
21 1730310740.545457 1730310740.556550 11093 0
22 1730310740.556584 1730310740.564950 8366 1
23 1730310740.564993 1730310740.574763 9770 0
24 1730310740.574795 1730310740.582911 8116 0
25 1730310740.582949 1730310740.591532 8583 1
26 1730310740.591572 1730310740.598183 6611 1
27 1730310740.598220 1730310740.604828 6608 1
28 1730310740.604855 1730310740.612356 7501 1
29 1730310740.612403 1730310740.621205 8802 1
30 1730310740.621233 1730310740.629236 8003 1
31 1730310740.629277 1730310740.642812 13535 1
32 1730310740.642850 1730310740.655552 12702 1
33 1730310740.655575 1730310740.665376 9801 1
34 1730310740.665401 1730310740.673581 8180 1
35 1730310740.673607 1730310740.678745 5138 1
36 1730310740.678778 1730310740.686192 7414 1
37 1730310740.686249 1730310740.696066 9817 0
38 1730310740.696091 1730310740.705678 9587 0
39 1730310740.705708 1730310740.712067 6359 1
40 1730310740.712098 1730310740.717381 5283 1
41 1730310740.717411 1730310740.726925 9514 1
42 1730310740.726971 1730310740.737182 10211 1
43 1730310740.737223 1730310740.745109 7886 1
44 1730310740.745155 1730310740.756900 11745 1
45 1730310740.756949 1730310740.771596 14647 1
46 1730310740.771638 1730310740.780918 9280 1
47 1730310740.780954 1730310740.800623 19669 1
48 1730310740.800679 1730310740.825179 24500 1
49 1730310740.825266 1730310740.845498 20232 1
50 1730310740.845543 1730310740.878333 32790 1
51 1730310740.878376 1730310740.943403 65027 1
52 1730310740.943437 1730310740.950546 7109 1
53 1730310740.950579 1730310740.963111 12532 1
54 1730310740.963161 1730310740.971421 8260 1
55 1730310740.971462 1730310740.981477 10015 1
56 1730310740.981512 1730310741.010273 28761 1
57 1730310741.010333 1730310741.080073 69740 0
58 1730310741.080129 1730310741.112647 32518 1
59 1730310741.112681 1730310741.138858 26177 1
60 1730310741.138908 1730310741.172680 33772 1
61 1730310741.172756 1730310741.189364 16608 1
62 1730310741.189394 1730310741.204750 15356 1
63 1730310741.204800 1730310741.215241 10441 1
64 1730310741.215270 1730310741.228325 13055 1
65 1730310741.228373 1730310741.247289 18916 1
66 1730310741.247325 1730310741.270797 23472 1
67 1730310741.270828 1730310741.282350 11522 1
68 1730310741.282376 1730310741.292432 10056 1
69 1730310741.292487 1730310741.300627 8140 1
20240930-185221-8090 16812 ! ResendConsensus (client.cc:209):    Client timeout; resending consensus request: 160
20240930-185222-3111 16812 ! ResendConsensus (client.cc:209):    Client timeout; resending consensus request: 145
20240930-185222-8127 16812 ! ResendConsensus (client.cc:209):    Client timeout; resending consensus request: 146
20240930-185223-3150 16812 ! ResendConsensus (client.cc:209):    Client timeout; resending consensus request: 147
20240930-185223-8168 16812 ! ResendConsensus (client.cc:209):    Client timeout; resending consensus request: 148
70 1730310741.300653 1730310743.817542 2516889 0
20240930-185224-3227 16812 ! ResendConsensus (client.cc:209):    Client timeout; resending consensus request: 150
20240930-185224-8254 16812 ! ResendConsensus (client.cc:209):    Client timeout; resending consensus request: 151
20240930-185225-3287 16812 ! ResendConsensus (client.cc:209):    Client timeout; resending consensus request: 152
20240930-185225-8307 16812 ! ResendConsensus (client.cc:209):    Client timeout; resending consensus request: 153
20240930-185226-3327 16812 ! ResendConsensus (client.cc:209):    Client timeout; resending consensus request: 154
71 1730310743.817567 1730310746.333218 2515651 0
# Commit_Ratio: 0.816901
# Overall_Latency: 20587.000000
# Begin: 71, 0.943662
# Get: 87, 2852.919540
# Put: 339, 1571.277286
# Commit: 71, 80064.408451
