1 1730310707.653231 1730310707.698882 45651 1
2 1730310707.698980 1730310707.722207 23227 0
3 1730310707.722265 1730310707.732020 9755 1
4 1730310707.732050 1730310707.743020 10970 0
5 1730310707.743050 1730310707.751528 8478 1
6 1730310707.751572 1730310707.759084 7512 1
7 1730310707.759115 1730310707.766522 7407 1
8 1730310707.766546 1730310707.772782 6236 1
9 1730310707.772811 1730310707.779724 6913 1
10 1730310707.779749 1730310707.788730 8981 1
11 1730310707.788760 1730310707.800674 11914 1
12 1730310707.800721 1730310707.813512 12791 0
13 1730310707.813547 1730310707.829787 16240 0
14 1730310707.829834 1730310707.843936 14102 1
15 1730310707.844009 1730310707.857978 13969 1
16 1730310707.858005 1730310707.870557 12552 0
17 1730310707.870614 1730310707.897300 26686 1
18 1730310707.897343 1730310707.919800 22457 1
19 1730310707.919843 1730310707.940706 20863 1
20 1730310707.940784 1730310707.955433 14649 1
21 1730310707.955458 1730310707.962264 6806 1
22 1730310707.962290 1730310707.970553 8263 1
23 1730310707.970587 1730310707.976139 5552 1
24 1730310707.976169 1730310707.985690 9521 1
25 1730310707.985742 1730310707.993767 8025 1
26 1730310707.993796 1730310708.005778 11982 0
27 1730310708.005824 1730310708.013186 7362 1
28 1730310708.013232 1730310708.022164 8932 1
29 1730310708.022205 1730310708.027477 5272 1
30 1730310708.027506 1730310708.036382 8876 1
31 1730310708.036412 1730310708.042731 6319 1
32 1730310708.042755 1730310708.054657 11902 1
33 1730310708.054694 1730310708.062339 7645 0
34 1730310708.062364 1730310708.072044 9680 1
35 1730310708.072072 1730310708.081051 8979 1
36 1730310708.081081 1730310708.096076 14995 0
37 1730310708.096104 1730310708.118985 22881 0
38 1730310708.119016 1730310708.130411 11395 1
39 1730310708.130440 1730310708.144407 13967 1
40 1730310708.144436 1730310708.157482 13046 1
41 1730310708.157530 1730310708.176869 19339 1
42 1730310708.176901 1730310708.189896 12995 0
43 1730310708.189926 1730310708.197436 7510 1
44 1730310708.197488 1730310708.210715 13227 0
45 1730310708.210745 1730310708.218077 7332 1
46 1730310708.218106 1730310708.227952 9846 0
47 1730310708.227992 1730310708.242914 14922 1
48 1730310708.242952 1730310708.256390 13438 1
49 1730310708.256451 1730310708.264678 8227 0
50 1730310708.264728 1730310708.274369 9641 1
51 1730310708.274462 1730310708.282769 8307 1
52 1730310708.282791 1730310708.290535 7744 1
53 1730310708.290564 1730310708.297208 6644 0
54 1730310708.297234 1730310708.304390 7156 0
55 1730310708.304423 1730310708.313017 8594 1
56 1730310708.313054 1730310708.324655 11601 0
57 1730310708.324678 1730310708.336873 12195 1
58 1730310708.336926 1730310708.346088 9162 1
59 1730310708.346130 1730310708.355443 9313 1
60 1730310708.355475 1730310708.363804 8329 1
61 1730310708.363831 1730310708.375328 11497 1
62 1730310708.375379 1730310708.390809 15430 1
63 1730310708.390858 1730310708.418670 27812 1
64 1730310708.418729 1730310708.432399 13670 1
65 1730310708.432444 1730310708.444033 11589 1
66 1730310708.444061 1730310708.462731 18670 1
67 1730310708.462760 1730310708.475674 12914 0
68 1730310708.475707 1730310708.485901 10194 1
69 1730310708.485953 1730310708.493756 7803 1
70 1730310708.493784 1730310708.503829 10045 1
71 1730310708.503861 1730310708.511876 8015 1
72 1730310708.511904 1730310708.524373 12469 1
73 1730310708.524412 1730310708.530098 5686 1
74 1730310708.530125 1730310708.537570 7445 1
75 1730310708.537615 1730310708.543874 6259 0
76 1730310708.543900 1730310708.554428 10528 1
77 1730310708.554467 1730310708.562687 8220 0
78 1730310708.562717 1730310708.578668 15951 1
79 1730310708.578721 1730310708.606665 27944 1
80 1730310708.606693 1730310708.615876 9183 1
81 1730310708.615904 1730310708.626526 10622 1
82 1730310708.626554 1730310708.640072 13518 0
83 1730310708.640126 1730310708.656133 16007 1
84 1730310708.656161 1730310708.665626 9465 0
85 1730310708.665655 1730310708.695420 29765 1
86 1730310708.695449 1730310708.707913 12464 0
87 1730310708.707938 1730310708.716704 8766 1
88 1730310708.716730 1730310708.728356 11626 0
89 1730310708.728411 1730310708.746223 17812 1
90 1730310708.746256 1730310708.759195 12939 1
91 1730310708.759230 1730310708.774332 15102 0
92 1730310708.774367 1730310708.783285 8918 1
93 1730310708.783315 1730310708.806785 23470 1
94 1730310708.806825 1730310708.817576 10751 1
95 1730310708.817620 1730310708.826762 9142 1
96 1730310708.826831 1730310708.834035 7204 0
97 1730310708.834060 1730310708.843083 9023 0
98 1730310708.843110 1730310708.849751 6641 1
99 1730310708.849774 1730310708.860473 10699 1
100 1730310708.860506 1730310708.867415 6909 1
101 1730310708.867439 1730310708.880034 12595 1
102 1730310708.880076 1730310708.917421 37345 1
103 1730310708.917450 1730310708.934722 17272 1
104 1730310708.934748 1730310708.953495 18747 0
105 1730310708.953536 1730310708.990243 36707 1
106 1730310708.990273 1730310708.997125 6852 1
107 1730310708.997163 1730310709.003182 6019 1
108 1730310709.003204 1730310709.010014 6810 1
109 1730310709.010056 1730310709.017103 7047 0
110 1730310709.017130 1730310709.025820 8690 1
111 1730310709.025849 1730310709.036054 10205 1
112 1730310709.036077 1730310709.042800 6723 1
113 1730310709.042828 1730310709.050476 7648 1
114 1730310709.050506 1730310709.059124 8618 0
115 1730310709.059178 1730310709.069202 10024 1
116 1730310709.069245 1730310709.074322 5077 1
117 1730310709.074347 1730310709.080322 5975 1
