1 1730529747.440447 1730529747.457540 17093 1
2 1730529747.457657 1730529747.488870 31213 1
3 1730529747.488922 1730529747.514937 26015 1
4 1730529747.514963 1730529747.521088 6125 1
5 1730529747.521138 1730529747.531569 10431 0
6 1730529747.531597 1730529747.536533 4936 1
7 1730529747.536556 1730529747.539719 3163 1
8 1730529747.539746 1730529747.547538 7792 1
9 1730529747.547562 1730529747.551686 4124 1
10 1730529747.551709 1730529747.557276 5567 1
11 1730529747.557301 1730529747.563182 5881 1
12 1730529747.563234 1730529747.577821 14587 1
13 1730529747.577870 1730529747.588702 10832 1
14 1730529747.588756 1730529747.598490 9734 0
15 1730529747.598529 1730529747.610319 11790 0
16 1730529747.610366 1730529747.616124 5758 0
17 1730529747.616168 1730529747.620816 4648 1
18 1730529747.620841 1730529747.627281 6440 0
19 1730529747.627308 1730529747.635229 7921 1
20 1730529747.635257 1730529747.642547 7290 1
21 1730529747.642570 1730529747.649145 6575 1
22 1730529747.649178 1730529747.652128 2950 1
23 1730529747.652151 1730529747.657595 5444 1
24 1730529747.657647 1730529747.667406 9759 0
25 1730529747.667461 1730529747.677692 10231 1
26 1730529747.677720 1730529747.686027 8307 0
27 1730529747.686092 1730529747.697037 10945 0
28 1730529747.697087 1730529747.710768 13681 1
29 1730529747.710796 1730529747.719650 8854 1
30 1730529747.719702 1730529747.724861 5159 0
31 1730529747.724993 1730529747.731354 6361 1
32 1730529747.731384 1730529747.735668 4284 1
33 1730529747.735703 1730529747.740533 4830 1
34 1730529747.740574 1730529747.747108 6534 1
35 1730529747.747140 1730529747.750270 3130 1
36 1730529747.750304 1730529747.757009 6705 1
37 1730529747.757030 1730529747.761577 4547 1
38 1730529747.761633 1730529747.766128 4495 1
39 1730529747.766178 1730529747.769544 3366 1
40 1730529747.769582 1730529747.773609 4027 1
41 1730529747.773643 1730529747.777934 4291 1
42 1730529747.778014 1730529747.781280 3266 1
43 1730529747.781316 1730529747.786644 5328 1
44 1730529747.786680 1730529747.790543 3863 1
45 1730529747.790579 1730529747.792718 2139 1
46 1730529747.792761 1730529747.798143 5382 1
47 1730529747.798171 1730529747.802402 4231 0
48 1730529747.802430 1730529747.806591 4161 1
49 1730529747.806631 1730529747.810473 3842 1
50 1730529747.810501 1730529747.818243 7742 1
51 1730529747.818285 1730529747.825560 7275 1
52 1730529747.825610 1730529747.848708 23098 1
53 1730529747.848747 1730529747.867616 18869 0
54 1730529747.867659 1730529747.876070 8411 1
55 1730529747.876156 1730529747.882021 5865 1
56 1730529747.882050 1730529747.888544 6494 0
57 1730529747.888572 1730529747.892825 4253 0
58 1730529747.892872 1730529747.900966 8094 0
59 1730529747.900999 1730529747.905925 4926 1
60 1730529747.905979 1730529747.909342 3363 1
61 1730529747.909379 1730529747.912442 3063 1
62 1730529747.912502 1730529747.917268 4766 0
63 1730529747.917297 1730529747.922531 5234 1
64 1730529747.922561 1730529747.927461 4900 1
65 1730529747.927500 1730529747.930611 3111 1
66 1730529747.930634 1730529747.933396 2762 1
67 1730529747.933441 1730529747.937167 3726 1
68 1730529747.937246 1730529747.940147 2901 1
69 1730529747.940183 1730529747.944579 4396 1
70 1730529747.944615 1730529747.956046 11431 0
71 1730529747.956126 1730529747.971834 15708 1
72 1730529747.971866 1730529747.977000 5134 1
73 1730529747.977037 1730529747.987406 10369 1
74 1730529747.987454 1730529747.992428 4974 0
75 1730529747.992455 1730529748.002399 9944 1
76 1730529748.002431 1730529748.006454 4023 1
77 1730529748.006492 1730529748.020008 13516 1
78 1730529748.020046 1730529748.027586 7540 1
79 1730529748.027638 1730529748.036332 8694 0
80 1730529748.036372 1730529748.040972 4600 0
81 1730529748.040994 1730529748.048997 8003 1
82 1730529748.049037 1730529748.053916 4879 1
83 1730529748.053938 1730529748.058540 4602 0
84 1730529748.058588 1730529748.065331 6743 1
85 1730529748.065372 1730529748.069126 3754 1
86 1730529748.069176 1730529748.073651 4475 0
87 1730529748.073682 1730529748.077836 4154 0
88 1730529748.077863 1730529748.084659 6796 1
89 1730529748.084683 1730529748.090387 5704 1
90 1730529748.090419 1730529748.096755 6336 0
91 1730529748.096813 1730529748.104147 7334 1
92 1730529748.104194 1730529748.109973 5779 1
93 1730529748.110000 1730529748.120315 10315 1
94 1730529748.120354 1730529748.125717 5363 1
95 1730529748.125763 1730529748.137621 11858 1
96 1730529748.137679 1730529748.152241 14562 0
97 1730529748.152269 1730529748.165087 12818 0
98 1730529748.165134 1730529748.173046 7912 0
99 1730529748.173072 1730529748.185917 12845 1
100 1730529748.185937 1730529748.193649 7712 1
101 1730529748.193696 1730529748.207744 14048 1
102 1730529748.207773 1730529748.258119 50346 1
103 1730529748.258175 1730529748.271139 12964 1
104 1730529748.271182 1730529748.283905 12723 0
105 1730529748.283938 1730529748.289606 5668 1
106 1730529748.289637 1730529748.297980 8343 1
107 1730529748.298018 1730529748.301309 3291 1
108 1730529748.301343 1730529748.306140 4797 0
109 1730529748.306169 1730529748.313587 7418 1
110 1730529748.313636 1730529748.316537 2901 0
111 1730529748.316566 1730529748.318437 1871 1
112 1730529748.318479 1730529748.324350 5871 1
113 1730529748.324380 1730529748.337143 12763 1
114 1730529748.337170 1730529748.354280 17110 1
115 1730529748.354316 1730529748.366863 12547 1
116 1730529748.366932 1730529748.374926 7994 1
117 1730529748.374977 1730529748.430667 55690 1
118 1730529748.430711 1730529748.573434 142723 1
# Commit_Ratio: 0.754237
# Overall_Latency: 10092.269663
# Begin: 118, 1.135593
# Get: 109, 3027.541284
# Put: 127, 2428.881890
# Commit: 118, 4146.262712
