1 1730400310.413169 1730400310.420896 7727 1
2 1730400310.420990 1730400310.459812 38822 1
3 1730400310.459849 1730400310.475423 15574 1
4 1730400310.475463 1730400310.481281 5818 1
5 1730400310.481323 1730400310.490431 9108 0
6 1730400310.490461 1730400310.494041 3580 1
7 1730400310.494083 1730400310.496701 2618 1
8 1730400310.496749 1730400310.499127 2378 1
9 1730400310.499161 1730400310.501975 2814 1
10 1730400310.501999 1730400310.504665 2666 1
11 1730400310.504697 1730400310.521096 16399 0
12 1730400310.521129 1730400310.528871 7742 1
13 1730400310.528943 1730400310.532624 3681 1
14 1730400310.532655 1730400310.537024 4369 1
15 1730400310.537043 1730400310.540164 3121 1
16 1730400310.540204 1730400310.544309 4105 1
17 1730400310.544340 1730400310.547798 3458 1
18 1730400310.547828 1730400310.549889 2061 1
19 1730400310.549921 1730400310.552112 2191 1
20 1730400310.552139 1730400310.554800 2661 0
21 1730400310.554829 1730400310.556967 2138 1
22 1730400310.557004 1730400310.559329 2325 1
23 1730400310.559355 1730400310.561807 2452 1
24 1730400310.561834 1730400310.564116 2282 1
25 1730400310.564165 1730400310.566874 2709 1
26 1730400310.566916 1730400310.569901 2985 1
27 1730400310.569943 1730400310.576499 6556 1
28 1730400310.576549 1730400310.590533 13984 0
29 1730400310.590595 1730400310.597369 6774 1
30 1730400310.597428 1730400310.601386 3958 1
31 1730400310.601427 1730400310.605291 3864 1
32 1730400310.605345 1730400310.609777 4432 1
33 1730400310.609818 1730400310.612569 2751 1
34 1730400310.612605 1730400310.616106 3501 1
35 1730400310.616137 1730400310.619465 3328 1
36 1730400310.619518 1730400310.622352 2834 1
37 1730400310.622377 1730400310.625321 2944 1
38 1730400310.625351 1730400310.627290 1939 1
39 1730400310.627314 1730400310.637783 10469 1
40 1730400310.637822 1730400310.643451 5629 0
41 1730400310.643486 1730400310.647488 4002 1
42 1730400310.647516 1730400310.651100 3584 0
43 1730400310.651141 1730400310.655494 4353 1
44 1730400310.655527 1730400310.662072 6545 1
45 1730400310.662099 1730400310.667902 5803 1
46 1730400310.667932 1730400310.671048 3116 1
47 1730400310.671072 1730400310.674587 3515 0
48 1730400310.674624 1730400310.677731 3107 1
49 1730400310.677763 1730400310.680159 2396 1
50 1730400310.680189 1730400310.682488 2299 1
51 1730400310.682521 1730400310.684789 2268 1
52 1730400310.684826 1730400310.687164 2338 1
53 1730400310.687192 1730400310.689316 2124 1
54 1730400310.689337 1730400310.692224 2887 1
55 1730400310.692246 1730400310.694401 2155 1
56 1730400310.694427 1730400310.697340 2913 1
57 1730400310.697373 1730400310.700339 2966 1
58 1730400310.700394 1730400310.702900 2506 1
59 1730400310.702936 1730400310.705972 3036 1
60 1730400310.706008 1730400310.711635 5627 1
61 1730400310.711676 1730400310.718443 6767 1
62 1730400310.718467 1730400310.723000 4533 1
63 1730400310.723031 1730400310.772470 49439 1
64 1730400310.772513 1730400310.784887 12374 1
65 1730400310.784917 1730400310.798353 13436 1
66 1730400310.798391 1730400310.801174 2783 1
67 1730400310.801207 1730400310.805268 4061 1
68 1730400310.805307 1730400310.810973 5666 1
69 1730400310.811009 1730400310.813862 2853 1
70 1730400310.813889 1730400310.817045 3156 1
71 1730400310.817074 1730400310.819826 2752 1
72 1730400310.819864 1730400310.821940 2076 1
73 1730400310.821966 1730400310.839983 18017 1
74 1730400310.840036 1730400310.851945 11909 1
75 1730400310.851973 1730400310.855492 3519 1
76 1730400310.855515 1730400310.861983 6468 1
77 1730400310.862012 1730400310.866978 4966 1
78 1730400310.867007 1730400310.870044 3037 1
79 1730400310.870081 1730400310.875036 4955 1
80 1730400310.875069 1730400310.881031 5962 1
81 1730400310.881066 1730400310.885931 4865 0
82 1730400310.885963 1730400310.889143 3180 1
83 1730400310.889183 1730400310.892161 2978 0
84 1730400310.892198 1730400310.895226 3028 0
85 1730400310.895264 1730400310.898613 3349 0
86 1730400310.898639 1730400310.901680 3041 1
87 1730400310.901710 1730400310.903861 2151 1
88 1730400310.903896 1730400310.907100 3204 0
89 1730400310.907131 1730400310.909643 2512 1
90 1730400310.909704 1730400310.912195 2491 1
91 1730400310.912233 1730400310.915419 3186 1
92 1730400310.915448 1730400310.918963 3515 1
93 1730400310.918998 1730400310.922955 3957 1
94 1730400310.922983 1730400310.927270 4287 1
95 1730400310.927296 1730400310.931061 3765 1
96 1730400310.931088 1730400310.933903 2815 1
97 1730400310.933946 1730400310.937224 3278 0
98 1730400310.937251 1730400310.941565 4314 0
99 1730400310.941600 1730400310.943730 2130 1
100 1730400310.943774 1730400310.946915 3141 1
101 1730400310.946955 1730400310.951107 4152 0
102 1730400310.951154 1730400310.953620 2466 1
103 1730400310.953647 1730400310.957061 3414 1
104 1730400310.957100 1730400310.960883 3783 1
105 1730400310.960920 1730400310.964563 3643 1
106 1730400310.964593 1730400310.967186 2593 1
107 1730400310.967214 1730400310.971237 4023 0
108 1730400310.971261 1730400310.974093 2832 1
109 1730400310.974139 1730400310.977233 3094 1
110 1730400310.977265 1730400310.980509 3244 0
111 1730400310.980536 1730400310.992079 11543 1
112 1730400310.992107 1730400310.999311 7204 0
113 1730400310.999360 1730400311.068868 69508 1
114 1730400311.068932 1730400311.080935 12003 1
115 1730400311.080972 1730400311.086837 5865 1
116 1730400311.086886 1730400311.092568 5682 1
117 1730400311.092623 1730400311.101608 8985 0
118 1730400311.101662 1730400311.105431 3769 1
119 1730400311.105459 1730400311.108525 3066 1
120 1730400311.108619 1730400311.111333 2714 1
121 1730400311.111387 1730400311.113536 2149 1
122 1730400311.113555 1730400311.117972 4417 0
123 1730400311.118025 1730400311.121533 3508 1
124 1730400311.121561 1730400311.124690 3129 1
125 1730400311.124713 1730400311.128398 3685 1
126 1730400311.128446 1730400311.130976 2530 1
127 1730400311.131008 1730400311.141599 10591 1
128 1730400311.141629 1730400311.148672 7043 0
129 1730400311.148716 1730400311.228258 79542 1
130 1730400311.228319 1730400311.233341 5022 1
131 1730400311.233398 1730400311.244143 10745 1
132 1730400311.244168 1730400311.247627 3459 1
133 1730400311.247666 1730400311.252418 4752 1
134 1730400311.252477 1730400311.255020 2543 1
135 1730400311.255056 1730400311.258169 3113 1
136 1730400311.258194 1730400311.259887 1693 1
137 1730400311.259939 1730400311.262593 2654 0
138 1730400311.262623 1730400311.265657 3034 0
139 1730400311.265697 1730400311.336958 71261 0
140 1730400311.336997 1730400311.369515 32518 1
141 1730400311.369593 1730400311.378676 9083 0
142 1730400311.378706 1730400311.416355 37649 0
# Commit_Ratio: 0.816901
# Overall_Latency: 6510.870690
# Begin: 142, 0.957746
# Get: 150, 3093.720000
# Put: 134, 1130.231343
# Commit: 142, 2689.295775
